SF:/home/matthew/develop/personal/karva/crates/karva_core/src/collection/collector.rs
FN:87,_RNCNvMNtNtCs4RrqI5pJN37_10karva_core10collection9collectorNtB4_17TestCaseCollector14collect_module0B8_
FN:47,_RNCNvMNtNtCs4RrqI5pJN37_10karva_core10collection9collectorNtB4_17TestCaseCollector21collect_test_function0B8_
FN:63,_RNvMNtNtCs4RrqI5pJN37_10karva_core10collection9collectorNtB2_17TestCaseCollector14collect_module
FN:106,_RNvMNtNtCs4RrqI5pJN37_10karva_core10collection9collectorNtB2_17TestCaseCollector15collect_package
FN:40,_RNvMNtNtCs4RrqI5pJN37_10karva_core10collection9collectorNtB2_17TestCaseCollector21collect_test_function
FN:13,_RNvMNtNtCs4RrqI5pJN37_10karva_core10collection9collectorNtB2_17TestCaseCollector7collect
FN:87,_RNCNvMNtNtCs1eKvc9ZrgUW_10karva_core10collection9collectorNtB4_17TestCaseCollector14collect_module0B8_
FN:47,_RNCNvMNtNtCs1eKvc9ZrgUW_10karva_core10collection9collectorNtB4_17TestCaseCollector21collect_test_function0B8_
FN:63,_RNvMNtNtCs1eKvc9ZrgUW_10karva_core10collection9collectorNtB2_17TestCaseCollector14collect_module
FN:106,_RNvMNtNtCs1eKvc9ZrgUW_10karva_core10collection9collectorNtB2_17TestCaseCollector15collect_package
FN:40,_RNvMNtNtCs1eKvc9ZrgUW_10karva_core10collection9collectorNtB2_17TestCaseCollector21collect_test_function
FN:13,_RNvMNtNtCs1eKvc9ZrgUW_10karva_core10collection9collectorNtB2_17TestCaseCollector7collect
FNDA:206,_RNCNvMNtNtCs4RrqI5pJN37_10karva_core10collection9collectorNtB4_17TestCaseCollector14collect_module0B8_
FNDA:230,_RNCNvMNtNtCs4RrqI5pJN37_10karva_core10collection9collectorNtB4_17TestCaseCollector21collect_test_function0B8_
FNDA:173,_RNvMNtNtCs4RrqI5pJN37_10karva_core10collection9collectorNtB2_17TestCaseCollector14collect_module
FNDA:315,_RNvMNtNtCs4RrqI5pJN37_10karva_core10collection9collectorNtB2_17TestCaseCollector15collect_package
FNDA:206,_RNvMNtNtCs4RrqI5pJN37_10karva_core10collection9collectorNtB2_17TestCaseCollector21collect_test_function
FNDA:155,_RNvMNtNtCs4RrqI5pJN37_10karva_core10collection9collectorNtB2_17TestCaseCollector7collect
FNDA:2,_RNCNvMNtNtCs1eKvc9ZrgUW_10karva_core10collection9collectorNtB4_17TestCaseCollector14collect_module0B8_
FNDA:2,_RNCNvMNtNtCs1eKvc9ZrgUW_10karva_core10collection9collectorNtB4_17TestCaseCollector21collect_test_function0B8_
FNDA:2,_RNvMNtNtCs1eKvc9ZrgUW_10karva_core10collection9collectorNtB2_17TestCaseCollector14collect_module
FNDA:4,_RNvMNtNtCs1eKvc9ZrgUW_10karva_core10collection9collectorNtB2_17TestCaseCollector15collect_package
FNDA:2,_RNvMNtNtCs1eKvc9ZrgUW_10karva_core10collection9collectorNtB2_17TestCaseCollector21collect_test_function
FNDA:2,_RNvMNtNtCs1eKvc9ZrgUW_10karva_core10collection9collectorNtB2_17TestCaseCollector7collect
FNF:6
FNH:6
DA:13,157
DA:14,157
DA:15,157
DA:16,157
DA:17,157
DA:19,157
DA:21,157
DA:23,157
DA:24,157
DA:25,157
DA:26,157
DA:27,157
DA:28,157
DA:31,157
DA:33,157
DA:35,157
DA:37,157
DA:38,157
DA:40,208
DA:41,208
DA:42,208
DA:43,208
DA:44,208
DA:45,208
DA:46,208
DA:47,232
DA:48,232
DA:50,232
DA:51,232
DA:52,232
DA:53,232
DA:54,232
DA:55,232
DA:56,232
DA:58,232
DA:60,208
DA:61,208
DA:63,175
DA:64,175
DA:65,175
DA:66,175
DA:67,175
DA:68,175
DA:69,175
DA:70,175
DA:71,17
DA:72,158
DA:74,158
DA:76,158
DA:77,158
DA:78,158
DA:79,158
DA:80,158
DA:81,158
DA:82,158
DA:85,158
DA:87,208
DA:88,208
DA:89,208
DA:90,208
DA:91,208
DA:92,208
DA:93,208
DA:95,208
DA:97,158
DA:99,158
DA:101,158
DA:103,158
DA:104,175
DA:106,319
DA:107,319
DA:108,319
DA:109,319
DA:110,319
DA:111,319
DA:112,319
DA:114,319
DA:115,4
DA:116,315
DA:118,315
DA:120,315
DA:121,315
DA:122,315
DA:123,315
DA:124,315
DA:125,315
DA:126,315
DA:129,315
DA:131,315
DA:133,315
DA:134,175
DA:135,175
DA:136,175
DA:137,175
DA:139,315
DA:140,162
DA:141,162
DA:142,162
DA:143,162
DA:145,315
DA:147,315
DA:149,315
DA:150,319
BRF:0
BRH:0
LF:105
LH:105
end_of_record
SF:/home/matthew/develop/personal/karva/crates/karva_core/src/collection/models/case.rs
FN:126,_RNCNCNvMNtNtNtCs4RrqI5pJN37_10karva_core10collection6models4caseNtB6_8TestCase3run00Bc_
FN:189,_RNCNCNvMNtNtNtCs4RrqI5pJN37_10karva_core10collection6models4caseNtB6_8TestCase3run0s0_0Bc_
FN:178,_RNCNCNvMNtNtNtCs4RrqI5pJN37_10karva_core10collection6models4caseNtB6_8TestCase3run0s_0Bc_
FN:85,_RNCNvMNtNtNtCs4RrqI5pJN37_10karva_core10collection6models4caseNtB4_8TestCase3run0Ba_
FN:59,_RNvMNtNtNtCs4RrqI5pJN37_10karva_core10collection6models4caseNtB2_8TestCase14add_finalizers
FN:63,_RNvMNtNtNtCs4RrqI5pJN37_10karva_core10collection6models4caseNtB2_8TestCase23add_fixture_diagnostics
FN:43,_RNvMNtNtNtCs4RrqI5pJN37_10karva_core10collection6models4caseNtB2_8TestCase3new
FN:70,_RNvMNtNtNtCs4RrqI5pJN37_10karva_core10collection6models4caseNtB2_8TestCase3run
FN:251,_RNvNtNtNtCs4RrqI5pJN37_10karva_core10collection6models4case14full_test_name
FN:215,_RNvNtNtNtCs4RrqI5pJN37_10karva_core10collection6models4case17is_skip_exception
FN:233,_RNvNtNtNtCs4RrqI5pJN37_10karva_core10collection6models4case19extract_skip_reason
FN:126,_RNCNCNvMNtNtNtCs1eKvc9ZrgUW_10karva_core10collection6models4caseNtB6_8TestCase3run00Bc_
FN:189,_RNCNCNvMNtNtNtCs1eKvc9ZrgUW_10karva_core10collection6models4caseNtB6_8TestCase3run0s0_0Bc_
FN:178,_RNCNCNvMNtNtNtCs1eKvc9ZrgUW_10karva_core10collection6models4caseNtB6_8TestCase3run0s_0Bc_
FN:85,_RNCNvMNtNtNtCs1eKvc9ZrgUW_10karva_core10collection6models4caseNtB4_8TestCase3run0Ba_
FN:59,_RNvMNtNtNtCs1eKvc9ZrgUW_10karva_core10collection6models4caseNtB2_8TestCase14add_finalizers
FN:63,_RNvMNtNtNtCs1eKvc9ZrgUW_10karva_core10collection6models4caseNtB2_8TestCase23add_fixture_diagnostics
FN:43,_RNvMNtNtNtCs1eKvc9ZrgUW_10karva_core10collection6models4caseNtB2_8TestCase3new
FN:70,_RNvMNtNtNtCs1eKvc9ZrgUW_10karva_core10collection6models4caseNtB2_8TestCase3run
FN:251,_RNvNtNtNtCs1eKvc9ZrgUW_10karva_core10collection6models4case14full_test_name
FN:215,_RNvNtNtNtCs1eKvc9ZrgUW_10karva_core10collection6models4case17is_skip_exception
FN:233,_RNvNtNtNtCs1eKvc9ZrgUW_10karva_core10collection6models4case19extract_skip_reason
FNDA:5,_RNCNCNvMNtNtNtCs4RrqI5pJN37_10karva_core10collection6models4caseNtB6_8TestCase3run00Bc_
FNDA:5,_RNCNCNvMNtNtNtCs4RrqI5pJN37_10karva_core10collection6models4caseNtB6_8TestCase3run0s0_0Bc_
FNDA:4,_RNCNCNvMNtNtNtCs4RrqI5pJN37_10karva_core10collection6models4caseNtB6_8TestCase3run0s_0Bc_
FNDA:271,_RNCNvMNtNtNtCs4RrqI5pJN37_10karva_core10collection6models4caseNtB4_8TestCase3run0Ba_
FNDA:230,_RNvMNtNtNtCs4RrqI5pJN37_10karva_core10collection6models4caseNtB2_8TestCase14add_finalizers
FNDA:230,_RNvMNtNtNtCs4RrqI5pJN37_10karva_core10collection6models4caseNtB2_8TestCase23add_fixture_diagnostics
FNDA:272,_RNvMNtNtNtCs4RrqI5pJN37_10karva_core10collection6models4caseNtB2_8TestCase3new
FNDA:271,_RNvMNtNtNtCs4RrqI5pJN37_10karva_core10collection6models4caseNtB2_8TestCase3run
FNDA:271,_RNvNtNtNtCs4RrqI5pJN37_10karva_core10collection6models4case14full_test_name
FNDA:39,_RNvNtNtNtCs4RrqI5pJN37_10karva_core10collection6models4case17is_skip_exception
FNDA:12,_RNvNtNtNtCs4RrqI5pJN37_10karva_core10collection6models4case19extract_skip_reason
FNDA:0,_RNCNCNvMNtNtNtCs1eKvc9ZrgUW_10karva_core10collection6models4caseNtB6_8TestCase3run00Bc_
FNDA:0,_RNCNCNvMNtNtNtCs1eKvc9ZrgUW_10karva_core10collection6models4caseNtB6_8TestCase3run0s0_0Bc_
FNDA:0,_RNCNCNvMNtNtNtCs1eKvc9ZrgUW_10karva_core10collection6models4caseNtB6_8TestCase3run0s_0Bc_
FNDA:2,_RNCNvMNtNtNtCs1eKvc9ZrgUW_10karva_core10collection6models4caseNtB4_8TestCase3run0Ba_
FNDA:2,_RNvMNtNtNtCs1eKvc9ZrgUW_10karva_core10collection6models4caseNtB2_8TestCase14add_finalizers
FNDA:2,_RNvMNtNtNtCs1eKvc9ZrgUW_10karva_core10collection6models4caseNtB2_8TestCase23add_fixture_diagnostics
FNDA:2,_RNvMNtNtNtCs1eKvc9ZrgUW_10karva_core10collection6models4caseNtB2_8TestCase3new
FNDA:2,_RNvMNtNtNtCs1eKvc9ZrgUW_10karva_core10collection6models4caseNtB2_8TestCase3run
FNDA:2,_RNvNtNtNtCs1eKvc9ZrgUW_10karva_core10collection6models4case14full_test_name
FNDA:0,_RNvNtNtNtCs1eKvc9ZrgUW_10karva_core10collection6models4case17is_skip_exception
FNDA:0,_RNvNtNtNtCs1eKvc9ZrgUW_10karva_core10collection6models4case19extract_skip_reason
FNF:11
FNH:11
DA:43,274
DA:44,274
DA:45,274
DA:46,274
DA:47,274
DA:48,274
DA:49,274
DA:50,274
DA:51,274
DA:52,274
DA:53,274
DA:54,274
DA:55,274
DA:56,274
DA:57,274
DA:59,232
DA:60,232
DA:61,232
DA:63,232
DA:64,232
DA:65,232
DA:70,273
DA:71,273
DA:72,273
DA:73,273
DA:74,273
DA:75,273
DA:76,273
DA:77,273
DA:78,273
DA:79,273
DA:80,273
DA:81,273
DA:82,273
DA:83,273
DA:85,273
DA:86,273
DA:89,273
DA:90,26
DA:91,20
DA:92,20
DA:93,20
DA:94,20
DA:95,20
DA:96,20
DA:98,20
DA:99,6
DA:100,247
DA:103,253
DA:104,253
DA:105,253
DA:106,253
DA:108,253
DA:109,92
DA:111,161
DA:113,211
DA:114,211
DA:115,206
DA:116,206
DA:119,161
DA:122,253
DA:123,214
DA:126,5
DA:127,5
DA:128,5
DA:129,5
DA:130,5
DA:131,5
DA:135,5
DA:136,5
DA:137,5
DA:138,5
DA:140,5
DA:142,5
DA:143,209
DA:145,209
DA:146,209
DA:147,209
DA:148,209
DA:151,209
DA:155,39
DA:156,12
DA:158,12
DA:159,12
DA:160,12
DA:161,12
DA:164,12
DA:165,27
DA:168,27
DA:169,18
DA:170,18
DA:171,18
DA:172,18
DA:175,18
DA:176,9
DA:178,9
DA:179,4
DA:180,4
DA:181,4
DA:182,4
DA:183,4
DA:184,4
DA:187,4
DA:189,9
DA:190,5
DA:191,5
DA:192,5
DA:193,5
DA:195,9
DA:196,9
DA:197,9
DA:198,9
DA:201,9
DA:203,9
DA:206,273
DA:208,273
DA:210,273
DA:211,273
DA:215,39
DA:217,39
DA:218,9
DA:219,30
DA:222,30
DA:223,30
DA:224,30
DA:226,3
DA:227,27
DA:229,27
DA:230,39
DA:233,12
DA:234,12
DA:237,12
DA:238,12
DA:239,12
DA:240,12
DA:242,12
DA:243,3
DA:244,9
DA:245,9
DA:246,0
DA:248,0
DA:249,12
DA:251,273
DA:252,273
DA:253,112
DA:255,161
DA:256,161
DA:257,161
DA:259,227
DA:260,227
DA:261,66
DA:262,161
DA:263,227
DA:264,227
DA:265,227
DA:267,161
DA:269,273
BRF:0
BRH:0
LF:161
LH:159
end_of_record
SF:/home/matthew/develop/personal/karva/crates/karva_core/src/collection/models/module.rs
FN:33,_RNvMNtNtNtCs4RrqI5pJN37_10karva_core10collection6models6moduleNtB2_15CollectedModule14add_finalizers
FN:29,_RNvMNtNtNtCs4RrqI5pJN37_10karva_core10collection6models6moduleNtB2_15CollectedModule14add_test_cases
FN:25,_RNvMNtNtNtCs4RrqI5pJN37_10karva_core10collection6models6moduleNtB2_15CollectedModule16total_test_cases
FN:37,_RNvMNtNtNtCs4RrqI5pJN37_10karva_core10collection6models6moduleNtB2_15CollectedModule23add_fixture_diagnostics
FN:41,_RNvMNtNtNtCs4RrqI5pJN37_10karva_core10collection6models6moduleNtB2_15CollectedModule3run
FN:56,_RNCNvMNtNtNtCs4RrqI5pJN37_10karva_core10collection6models6moduleNtB4_15CollectedModule3run0Ba_
FN:56,_RNCNvMNtNtNtCs1eKvc9ZrgUW_10karva_core10collection6models6moduleNtB4_15CollectedModule3run0Ba_
FN:33,_RNvMNtNtNtCs1eKvc9ZrgUW_10karva_core10collection6models6moduleNtB2_15CollectedModule14add_finalizers
FN:29,_RNvMNtNtNtCs1eKvc9ZrgUW_10karva_core10collection6models6moduleNtB2_15CollectedModule14add_test_cases
FN:25,_RNvMNtNtNtCs1eKvc9ZrgUW_10karva_core10collection6models6moduleNtB2_15CollectedModule16total_test_cases
FN:37,_RNvMNtNtNtCs1eKvc9ZrgUW_10karva_core10collection6models6moduleNtB2_15CollectedModule23add_fixture_diagnostics
FN:41,_RNvMNtNtNtCs1eKvc9ZrgUW_10karva_core10collection6models6moduleNtB2_15CollectedModule3run
FNDA:156,_RNvMNtNtNtCs4RrqI5pJN37_10karva_core10collection6models6moduleNtB2_15CollectedModule14add_finalizers
FNDA:156,_RNvMNtNtNtCs4RrqI5pJN37_10karva_core10collection6models6moduleNtB2_15CollectedModule14add_test_cases
FNDA:173,_RNvMNtNtNtCs4RrqI5pJN37_10karva_core10collection6models6moduleNtB2_15CollectedModule16total_test_cases
FNDA:156,_RNvMNtNtNtCs4RrqI5pJN37_10karva_core10collection6models6moduleNtB2_15CollectedModule23add_fixture_diagnostics
FNDA:173,_RNvMNtNtNtCs4RrqI5pJN37_10karva_core10collection6models6moduleNtB2_15CollectedModule3run
FNDA:173,_RNCNvMNtNtNtCs4RrqI5pJN37_10karva_core10collection6models6moduleNtB4_15CollectedModule3run0Ba_
FNDA:2,_RNCNvMNtNtNtCs1eKvc9ZrgUW_10karva_core10collection6models6moduleNtB4_15CollectedModule3run0Ba_
FNDA:2,_RNvMNtNtNtCs1eKvc9ZrgUW_10karva_core10collection6models6moduleNtB2_15CollectedModule14add_finalizers
FNDA:2,_RNvMNtNtNtCs1eKvc9ZrgUW_10karva_core10collection6models6moduleNtB2_15CollectedModule14add_test_cases
FNDA:2,_RNvMNtNtNtCs1eKvc9ZrgUW_10karva_core10collection6models6moduleNtB2_15CollectedModule16total_test_cases
FNDA:2,_RNvMNtNtNtCs1eKvc9ZrgUW_10karva_core10collection6models6moduleNtB2_15CollectedModule23add_fixture_diagnostics
FNDA:2,_RNvMNtNtNtCs1eKvc9ZrgUW_10karva_core10collection6models6moduleNtB2_15CollectedModule3run
FNF:6
FNH:6
DA:25,175
DA:26,175
DA:27,175
DA:29,158
DA:30,158
DA:31,158
DA:33,158
DA:34,158
DA:35,158
DA:37,158
DA:38,158
DA:39,158
DA:41,175
DA:42,175
DA:43,175
DA:44,175
DA:45,175
DA:46,175
DA:47,175
DA:48,175
DA:49,175
DA:50,175
DA:51,175
DA:52,175
DA:54,175
DA:56,175
DA:57,175
DA:59,175
DA:60,175
DA:62,447
DA:63,273
DA:65,273
DA:66,1
DA:67,1
DA:68,272
DA:71,174
DA:73,174
DA:74,175
BRF:0
BRH:0
LF:39
LH:39
end_of_record
SF:/home/matthew/develop/personal/karva/crates/karva_core/src/collection/models/package.rs
FN:28,_RNvMNtNtNtCs4RrqI5pJN37_10karva_core10collection6models7packageNtB2_16CollectedPackage10add_module
FN:32,_RNvMNtNtNtCs4RrqI5pJN37_10karva_core10collection6models7packageNtB2_16CollectedPackage11add_package
FN:36,_RNvMNtNtNtCs4RrqI5pJN37_10karva_core10collection6models7packageNtB2_16CollectedPackage14add_finalizers
FN:45,_RNvMNtNtNtCs4RrqI5pJN37_10karva_core10collection6models7packageNtB2_16CollectedPackage16total_test_cases
FN:40,_RNvMNtNtNtCs4RrqI5pJN37_10karva_core10collection6models7packageNtB2_16CollectedPackage23add_fixture_diagnostics
FN:56,_RNvMNtNtNtCs4RrqI5pJN37_10karva_core10collection6models7packageNtB2_16CollectedPackage3run
FN:72,_RNCNvMNtNtNtCs4RrqI5pJN37_10karva_core10collection6models7packageNtB4_16CollectedPackage3run0Ba_
FN:72,_RNCNvMNtNtNtCs1eKvc9ZrgUW_10karva_core10collection6models7packageNtB4_16CollectedPackage3run0Ba_
FN:28,_RNvMNtNtNtCs1eKvc9ZrgUW_10karva_core10collection6models7packageNtB2_16CollectedPackage10add_module
FN:32,_RNvMNtNtNtCs1eKvc9ZrgUW_10karva_core10collection6models7packageNtB2_16CollectedPackage11add_package
FN:36,_RNvMNtNtNtCs1eKvc9ZrgUW_10karva_core10collection6models7packageNtB2_16CollectedPackage14add_finalizers
FN:45,_RNvMNtNtNtCs1eKvc9ZrgUW_10karva_core10collection6models7packageNtB2_16CollectedPackage16total_test_cases
FN:40,_RNvMNtNtNtCs1eKvc9ZrgUW_10karva_core10collection6models7packageNtB2_16CollectedPackage23add_fixture_diagnostics
FN:56,_RNvMNtNtNtCs1eKvc9ZrgUW_10karva_core10collection6models7packageNtB2_16CollectedPackage3run
FNDA:173,_RNvMNtNtNtCs4RrqI5pJN37_10karva_core10collection6models7packageNtB2_16CollectedPackage10add_module
FNDA:160,_RNvMNtNtNtCs4RrqI5pJN37_10karva_core10collection6models7packageNtB2_16CollectedPackage11add_package
FNDA:466,_RNvMNtNtNtCs4RrqI5pJN37_10karva_core10collection6models7packageNtB2_16CollectedPackage14add_finalizers
FNDA:315,_RNvMNtNtNtCs4RrqI5pJN37_10karva_core10collection6models7packageNtB2_16CollectedPackage16total_test_cases
FNDA:466,_RNvMNtNtNtCs4RrqI5pJN37_10karva_core10collection6models7packageNtB2_16CollectedPackage23add_fixture_diagnostics
FNDA:315,_RNvMNtNtNtCs4RrqI5pJN37_10karva_core10collection6models7packageNtB2_16CollectedPackage3run
FNDA:315,_RNCNvMNtNtNtCs4RrqI5pJN37_10karva_core10collection6models7packageNtB4_16CollectedPackage3run0Ba_
FNDA:4,_RNCNvMNtNtNtCs1eKvc9ZrgUW_10karva_core10collection6models7packageNtB4_16CollectedPackage3run0Ba_
FNDA:2,_RNvMNtNtNtCs1eKvc9ZrgUW_10karva_core10collection6models7packageNtB2_16CollectedPackage10add_module
FNDA:2,_RNvMNtNtNtCs1eKvc9ZrgUW_10karva_core10collection6models7packageNtB2_16CollectedPackage11add_package
FNDA:6,_RNvMNtNtNtCs1eKvc9ZrgUW_10karva_core10collection6models7packageNtB2_16CollectedPackage14add_finalizers
FNDA:4,_RNvMNtNtNtCs1eKvc9ZrgUW_10karva_core10collection6models7packageNtB2_16CollectedPackage16total_test_cases
FNDA:6,_RNvMNtNtNtCs1eKvc9ZrgUW_10karva_core10collection6models7packageNtB2_16CollectedPackage23add_fixture_diagnostics
FNDA:4,_RNvMNtNtNtCs1eKvc9ZrgUW_10karva_core10collection6models7packageNtB2_16CollectedPackage3run
FNF:7
FNH:7
DA:28,175
DA:29,175
DA:30,175
DA:32,162
DA:33,162
DA:34,162
DA:36,472
DA:37,472
DA:38,472
DA:40,472
DA:41,472
DA:42,472
DA:45,319
DA:46,319
DA:47,494
DA:48,175
DA:49,175
DA:50,481
DA:51,162
DA:52,162
DA:53,319
DA:54,319
DA:56,319
DA:57,319
DA:58,319
DA:59,319
DA:60,319
DA:61,319
DA:62,319
DA:63,319
DA:64,319
DA:65,319
DA:66,319
DA:67,319
DA:68,319
DA:70,319
DA:72,319
DA:73,319
DA:75,319
DA:76,319
DA:78,493
DA:79,175
DA:81,175
DA:82,1
DA:83,1
DA:84,174
DA:87,479
DA:88,162
DA:90,162
DA:91,1
DA:92,1
DA:93,161
DA:96,317
DA:98,317
DA:99,319
BRF:0
BRH:0
LF:56
LH:56
end_of_record
SF:/home/matthew/develop/personal/karva/crates/karva_core/src/diagnostic/diagnostic.rs
FN:47,_RNvMNtNtCs4RrqI5pJN37_10karva_core10diagnostic10diagnosticNtB2_10Diagnostic10is_warning
FN:51,_RNvMNtNtCs4RrqI5pJN37_10karva_core10diagnostic10diagnosticNtB2_10Diagnostic14from_test_fail
FN:25,_RNvMNtNtCs4RrqI5pJN37_10karva_core10diagnostic10diagnosticNtB2_10Diagnostic15is_test_failure
FN:100,_RNvMNtNtCs4RrqI5pJN37_10karva_core10diagnostic10diagnosticNtB2_10Diagnostic16missing_fixtures
FN:78,_RNvMNtNtCs4RrqI5pJN37_10karva_core10diagnostic10diagnosticNtB2_10Diagnostic17from_fixture_fail
FN:36,_RNvMNtNtCs4RrqI5pJN37_10karva_core10diagnostic10diagnosticNtB2_10Diagnostic18is_fixture_failure
FN:69,_RNvMNtNtCs4RrqI5pJN37_10karva_core10diagnostic10diagnosticNtB2_10Diagnostic19pass_on_expect_fail
FN:113,_RNvMNtNtCs4RrqI5pJN37_10karva_core10diagnostic10diagnosticNtB2_10Diagnostic21into_missing_fixtures
FN:21,_RNvMNtNtCs4RrqI5pJN37_10karva_core10diagnostic10diagnosticNtB2_10Diagnostic7display
FN:94,_RNvMNtNtCs4RrqI5pJN37_10karva_core10diagnostic10diagnosticNtB2_10Diagnostic7warning
FN:120,_RNvMNtNtCs4RrqI5pJN37_10karva_core10diagnostic10diagnosticNtB2_10Diagnostic8location
FN:167,_RNvMs0_NtNtCs4RrqI5pJN37_10karva_core10diagnostic10diagnosticNtB5_21TestFailureDiagnostic8location
FN:269,_RNvMs1_NtNtCs4RrqI5pJN37_10karva_core10diagnostic10diagnosticNtB5_26FunctionDefinitionLocation3new
FN:146,_RNvMs_NtNtCs4RrqI5pJN37_10karva_core10diagnostic10diagnosticNtB4_19DiscoveryDiagnostic15invalid_fixture
FN:142,_RNvMs_NtNtCs4RrqI5pJN37_10karva_core10diagnostic10diagnosticNtB4_19DiscoveryDiagnostic18invalid_path_error
FN:138,_RNvMs_NtNtCs4RrqI5pJN37_10karva_core10diagnostic10diagnosticNtB4_19DiscoveryDiagnostic7display
FN:47,_RNvMNtNtCs1eKvc9ZrgUW_10karva_core10diagnostic10diagnosticNtB2_10Diagnostic10is_warning
FN:51,_RNvMNtNtCs1eKvc9ZrgUW_10karva_core10diagnostic10diagnosticNtB2_10Diagnostic14from_test_fail
FN:25,_RNvMNtNtCs1eKvc9ZrgUW_10karva_core10diagnostic10diagnosticNtB2_10Diagnostic15is_test_failure
FN:100,_RNvMNtNtCs1eKvc9ZrgUW_10karva_core10diagnostic10diagnosticNtB2_10Diagnostic16missing_fixtures
FN:78,_RNvMNtNtCs1eKvc9ZrgUW_10karva_core10diagnostic10diagnosticNtB2_10Diagnostic17from_fixture_fail
FN:36,_RNvMNtNtCs1eKvc9ZrgUW_10karva_core10diagnostic10diagnosticNtB2_10Diagnostic18is_fixture_failure
FN:69,_RNvMNtNtCs1eKvc9ZrgUW_10karva_core10diagnostic10diagnosticNtB2_10Diagnostic19pass_on_expect_fail
FN:113,_RNvMNtNtCs1eKvc9ZrgUW_10karva_core10diagnostic10diagnosticNtB2_10Diagnostic21into_missing_fixtures
FN:21,_RNvMNtNtCs1eKvc9ZrgUW_10karva_core10diagnostic10diagnosticNtB2_10Diagnostic7display
FN:94,_RNvMNtNtCs1eKvc9ZrgUW_10karva_core10diagnostic10diagnosticNtB2_10Diagnostic7warning
FN:120,_RNvMNtNtCs1eKvc9ZrgUW_10karva_core10diagnostic10diagnosticNtB2_10Diagnostic8location
FN:167,_RNvMs0_NtNtCs1eKvc9ZrgUW_10karva_core10diagnostic10diagnosticNtB5_21TestFailureDiagnostic8location
FN:269,_RNvMs1_NtNtCs1eKvc9ZrgUW_10karva_core10diagnostic10diagnosticNtB5_26FunctionDefinitionLocation3new
FN:146,_RNvMs_NtNtCs1eKvc9ZrgUW_10karva_core10diagnostic10diagnosticNtB4_19DiscoveryDiagnostic15invalid_fixture
FN:142,_RNvMs_NtNtCs1eKvc9ZrgUW_10karva_core10diagnostic10diagnosticNtB4_19DiscoveryDiagnostic18invalid_path_error
FN:138,_RNvMs_NtNtCs1eKvc9ZrgUW_10karva_core10diagnostic10diagnosticNtB4_19DiscoveryDiagnostic7display
FNDA:16,_RNvMNtNtCs4RrqI5pJN37_10karva_core10diagnostic10diagnosticNtB2_10Diagnostic10is_warning
FNDA:4,_RNvMNtNtCs4RrqI5pJN37_10karva_core10diagnostic10diagnosticNtB2_10Diagnostic14from_test_fail
FNDA:16,_RNvMNtNtCs4RrqI5pJN37_10karva_core10diagnostic10diagnosticNtB2_10Diagnostic15is_test_failure
FNDA:18,_RNvMNtNtCs4RrqI5pJN37_10karva_core10diagnostic10diagnosticNtB2_10Diagnostic16missing_fixtures
FNDA:1,_RNvMNtNtCs4RrqI5pJN37_10karva_core10diagnostic10diagnosticNtB2_10Diagnostic17from_fixture_fail
FNDA:16,_RNvMNtNtCs4RrqI5pJN37_10karva_core10diagnostic10diagnosticNtB2_10Diagnostic18is_fixture_failure
FNDA:5,_RNvMNtNtCs4RrqI5pJN37_10karva_core10diagnostic10diagnosticNtB2_10Diagnostic19pass_on_expect_fail
FNDA:5,_RNvMNtNtCs4RrqI5pJN37_10karva_core10diagnostic10diagnosticNtB2_10Diagnostic21into_missing_fixtures
FNDA:16,_RNvMNtNtCs4RrqI5pJN37_10karva_core10diagnostic10diagnosticNtB2_10Diagnostic7display
FNDA:0,_RNvMNtNtCs4RrqI5pJN37_10karva_core10diagnostic10diagnosticNtB2_10Diagnostic7warning
FNDA:14,_RNvMNtNtCs4RrqI5pJN37_10karva_core10diagnostic10diagnosticNtB2_10Diagnostic8location
FNDA:9,_RNvMs0_NtNtCs4RrqI5pJN37_10karva_core10diagnostic10diagnosticNtB5_21TestFailureDiagnostic8location
FNDA:29,_RNvMs1_NtNtCs4RrqI5pJN37_10karva_core10diagnostic10diagnosticNtB5_26FunctionDefinitionLocation3new
FNDA:1,_RNvMs_NtNtCs4RrqI5pJN37_10karva_core10diagnostic10diagnosticNtB4_19DiscoveryDiagnostic15invalid_fixture
FNDA:0,_RNvMs_NtNtCs4RrqI5pJN37_10karva_core10diagnostic10diagnosticNtB4_19DiscoveryDiagnostic18invalid_path_error
FNDA:1,_RNvMs_NtNtCs4RrqI5pJN37_10karva_core10diagnostic10diagnosticNtB4_19DiscoveryDiagnostic7display
FNDA:2,_RNvMNtNtCs1eKvc9ZrgUW_10karva_core10diagnostic10diagnosticNtB2_10Diagnostic10is_warning
FNDA:0,_RNvMNtNtCs1eKvc9ZrgUW_10karva_core10diagnostic10diagnosticNtB2_10Diagnostic14from_test_fail
FNDA:2,_RNvMNtNtCs1eKvc9ZrgUW_10karva_core10diagnostic10diagnosticNtB2_10Diagnostic15is_test_failure
FNDA:0,_RNvMNtNtCs1eKvc9ZrgUW_10karva_core10diagnostic10diagnosticNtB2_10Diagnostic16missing_fixtures
FNDA:0,_RNvMNtNtCs1eKvc9ZrgUW_10karva_core10diagnostic10diagnosticNtB2_10Diagnostic17from_fixture_fail
FNDA:2,_RNvMNtNtCs1eKvc9ZrgUW_10karva_core10diagnostic10diagnosticNtB2_10Diagnostic18is_fixture_failure
FNDA:0,_RNvMNtNtCs1eKvc9ZrgUW_10karva_core10diagnostic10diagnosticNtB2_10Diagnostic19pass_on_expect_fail
FNDA:0,_RNvMNtNtCs1eKvc9ZrgUW_10karva_core10diagnostic10diagnosticNtB2_10Diagnostic21into_missing_fixtures
FNDA:2,_RNvMNtNtCs1eKvc9ZrgUW_10karva_core10diagnostic10diagnosticNtB2_10Diagnostic7display
FNDA:2,_RNvMNtNtCs1eKvc9ZrgUW_10karva_core10diagnostic10diagnosticNtB2_10Diagnostic7warning
FNDA:0,_RNvMNtNtCs1eKvc9ZrgUW_10karva_core10diagnostic10diagnosticNtB2_10Diagnostic8location
FNDA:0,_RNvMs0_NtNtCs1eKvc9ZrgUW_10karva_core10diagnostic10diagnosticNtB5_21TestFailureDiagnostic8location
FNDA:0,_RNvMs1_NtNtCs1eKvc9ZrgUW_10karva_core10diagnostic10diagnosticNtB5_26FunctionDefinitionLocation3new
FNDA:0,_RNvMs_NtNtCs1eKvc9ZrgUW_10karva_core10diagnostic10diagnosticNtB4_19DiscoveryDiagnostic15invalid_fixture
FNDA:1,_RNvMs_NtNtCs1eKvc9ZrgUW_10karva_core10diagnostic10diagnosticNtB4_19DiscoveryDiagnostic18invalid_path_error
FNDA:0,_RNvMs_NtNtCs1eKvc9ZrgUW_10karva_core10diagnostic10diagnosticNtB4_19DiscoveryDiagnostic7display
FNF:16
FNH:16
DA:21,18
DA:22,18
DA:23,18
DA:25,18
DA:26,4
DA:27,6
DA:34,18
DA:36,18
DA:37,16
DA:38,6
DA:45,18
DA:47,18
DA:48,18
DA:49,18
DA:51,4
DA:52,4
DA:53,4
DA:54,4
DA:55,4
DA:56,4
DA:57,4
DA:58,4
DA:60,4
DA:61,4
DA:62,4
DA:63,4
DA:64,4
DA:65,4
DA:66,4
DA:67,4
DA:69,5
DA:70,5
DA:71,5
DA:72,5
DA:73,5
DA:74,5
DA:75,5
DA:76,5
DA:78,1
DA:79,1
DA:80,1
DA:81,1
DA:82,1
DA:83,1
DA:84,1
DA:85,1
DA:87,1
DA:88,1
DA:89,1
DA:90,1
DA:91,1
DA:92,1
DA:94,2
DA:95,2
DA:96,2
DA:97,2
DA:98,2
DA:100,18
DA:101,18
DA:102,18
DA:103,18
DA:104,18
DA:105,18
DA:106,18
DA:107,18
DA:108,18
DA:109,18
DA:110,18
DA:111,18
DA:113,5
DA:114,5
DA:115,5
DA:116,0
DA:118,5
DA:120,14
DA:121,14
DA:122,9
DA:123,5
DA:124,0
DA:125,0
DA:127,14
DA:138,1
DA:139,1
DA:140,1
DA:142,1
DA:143,1
DA:144,1
DA:146,1
DA:147,1
DA:148,1
DA:149,1
DA:150,1
DA:151,1
DA:152,1
DA:153,1
DA:154,1
DA:155,1
DA:167,9
DA:168,9
DA:169,4
DA:170,5
DA:171,5
DA:174,9
DA:269,29
DA:270,29
DA:271,29
DA:272,29
DA:273,29
DA:274,29
BRF:0
BRH:0
LF:109
LH:106
end_of_record
SF:/home/matthew/develop/personal/karva/crates/karva_core/src/diagnostic/render.rs
FN:150,_RNvXs2_NtNtCs4RrqI5pJN37_10karva_core10diagnostic6renderNtNtB7_10diagnostic12FunctionKindNtNtCs3vi8RLxhvdw_4core3fmt7Display3fmt
FN:38,_RNCNvXs_NtNtCs4RrqI5pJN37_10karva_core10diagnostic6renderNtB6_17DisplayDiagnosticNtNtCs3vi8RLxhvdw_4core3fmt7Display3fmt0Ba_
FN:97,_RNCNvXs_NtNtCs4RrqI5pJN37_10karva_core10diagnostic6renderNtB6_17DisplayDiagnosticNtNtCs3vi8RLxhvdw_4core3fmt7Display3fmts_0Ba_
FN:15,_RNvMNtNtCs4RrqI5pJN37_10karva_core10diagnostic6renderNtB2_17DisplayDiagnostic3new
FN:119,_RNvMs0_NtNtCs4RrqI5pJN37_10karva_core10diagnostic6renderNtB5_26DisplayDiscoveryDiagnostic3new
FN:125,_RNvXs1_NtNtCs4RrqI5pJN37_10karva_core10diagnostic6renderNtB5_26DisplayDiscoveryDiagnosticNtNtCs3vi8RLxhvdw_4core3fmt7Display3fmt
FN:21,_RNvXs_NtNtCs4RrqI5pJN37_10karva_core10diagnostic6renderNtB4_17DisplayDiagnosticNtNtCs3vi8RLxhvdw_4core3fmt7Display3fmt
FN:38,_RNCNvXs_NtNtCs1eKvc9ZrgUW_10karva_core10diagnostic6renderNtB6_17DisplayDiagnosticNtNtCs3vi8RLxhvdw_4core3fmt7Display3fmt0Ba_
FN:97,_RNCNvXs_NtNtCs1eKvc9ZrgUW_10karva_core10diagnostic6renderNtB6_17DisplayDiagnosticNtNtCs3vi8RLxhvdw_4core3fmt7Display3fmts_0Ba_
FN:150,_RNvXs2_NtNtCs1eKvc9ZrgUW_10karva_core10diagnostic6renderNtNtB7_10diagnostic12FunctionKindNtNtCs3vi8RLxhvdw_4core3fmt7Display3fmt
FN:15,_RNvMNtNtCs1eKvc9ZrgUW_10karva_core10diagnostic6renderNtB2_17DisplayDiagnostic3new
FN:119,_RNvMs0_NtNtCs1eKvc9ZrgUW_10karva_core10diagnostic6renderNtB5_26DisplayDiscoveryDiagnostic3new
FN:125,_RNvXs1_NtNtCs1eKvc9ZrgUW_10karva_core10diagnostic6renderNtB5_26DisplayDiscoveryDiagnosticNtNtCs3vi8RLxhvdw_4core3fmt7Display3fmt
FN:21,_RNvXs_NtNtCs1eKvc9ZrgUW_10karva_core10diagnostic6renderNtB4_17DisplayDiagnosticNtNtCs3vi8RLxhvdw_4core3fmt7Display3fmt
FNDA:6,_RNvXs2_NtNtCs4RrqI5pJN37_10karva_core10diagnostic6renderNtNtB7_10diagnostic12FunctionKindNtNtCs3vi8RLxhvdw_4core3fmt7Display3fmt
FNDA:4,_RNCNvXs_NtNtCs4RrqI5pJN37_10karva_core10diagnostic6renderNtB6_17DisplayDiagnosticNtNtCs3vi8RLxhvdw_4core3fmt7Display3fmt0Ba_
FNDA:1,_RNCNvXs_NtNtCs4RrqI5pJN37_10karva_core10diagnostic6renderNtB6_17DisplayDiagnosticNtNtCs3vi8RLxhvdw_4core3fmt7Display3fmts_0Ba_
FNDA:16,_RNvMNtNtCs4RrqI5pJN37_10karva_core10diagnostic6renderNtB2_17DisplayDiagnostic3new
FNDA:1,_RNvMs0_NtNtCs4RrqI5pJN37_10karva_core10diagnostic6renderNtB5_26DisplayDiscoveryDiagnostic3new
FNDA:1,_RNvXs1_NtNtCs4RrqI5pJN37_10karva_core10diagnostic6renderNtB5_26DisplayDiscoveryDiagnosticNtNtCs3vi8RLxhvdw_4core3fmt7Display3fmt
FNDA:16,_RNvXs_NtNtCs4RrqI5pJN37_10karva_core10diagnostic6renderNtB4_17DisplayDiagnosticNtNtCs3vi8RLxhvdw_4core3fmt7Display3fmt
FNDA:0,_RNCNvXs_NtNtCs1eKvc9ZrgUW_10karva_core10diagnostic6renderNtB6_17DisplayDiagnosticNtNtCs3vi8RLxhvdw_4core3fmt7Display3fmt0Ba_
FNDA:0,_RNCNvXs_NtNtCs1eKvc9ZrgUW_10karva_core10diagnostic6renderNtB6_17DisplayDiagnosticNtNtCs3vi8RLxhvdw_4core3fmt7Display3fmts_0Ba_
FNDA:0,_RNvXs2_NtNtCs1eKvc9ZrgUW_10karva_core10diagnostic6renderNtNtB7_10diagnostic12FunctionKindNtNtCs3vi8RLxhvdw_4core3fmt7Display3fmt
FNDA:2,_RNvMNtNtCs1eKvc9ZrgUW_10karva_core10diagnostic6renderNtB2_17DisplayDiagnostic3new
FNDA:0,_RNvMs0_NtNtCs1eKvc9ZrgUW_10karva_core10diagnostic6renderNtB5_26DisplayDiscoveryDiagnostic3new
FNDA:0,_RNvXs1_NtNtCs1eKvc9ZrgUW_10karva_core10diagnostic6renderNtB5_26DisplayDiscoveryDiagnosticNtNtCs3vi8RLxhvdw_4core3fmt7Display3fmt
FNDA:2,_RNvXs_NtNtCs1eKvc9ZrgUW_10karva_core10diagnostic6renderNtB4_17DisplayDiagnosticNtNtCs3vi8RLxhvdw_4core3fmt7Display3fmt
FNF:7
FNH:7
DA:15,18
DA:16,18
DA:17,18
DA:21,18
DA:22,18
DA:23,9
DA:24,4
DA:28,4
DA:29,4
DA:31,4
DA:32,4
DA:33,4
DA:35,4
DA:36,4
DA:37,4
DA:38,4
DA:39,4
DA:41,4
DA:42,4
DA:43,4
DA:44,0
DA:45,4
DA:46,3
DA:47,1
DA:49,5
DA:53,5
DA:54,5
DA:56,5
DA:57,5
DA:59,5
DA:60,5
DA:61,5
DA:62,0
DA:63,5
DA:64,3
DA:65,2
DA:71,6
DA:72,6
DA:74,6
DA:75,6
DA:77,6
DA:78,6
DA:79,6
DA:80,0
DA:82,2
DA:83,2
DA:88,1
DA:89,1
DA:91,1
DA:92,1
DA:94,1
DA:95,1
DA:96,1
DA:97,1
DA:98,1
DA:100,1
DA:101,1
DA:102,1
DA:103,0
DA:104,1
DA:105,1
DA:106,0
DA:110,18
DA:111,18
DA:119,1
DA:120,1
DA:121,1
DA:125,1
DA:126,1
DA:130,1
DA:131,1
DA:133,1
DA:135,1
DA:136,1
DA:137,1
DA:138,0
DA:140,0
DA:141,0
DA:145,1
DA:146,1
DA:150,6
DA:151,6
DA:152,5
DA:153,1
DA:155,6
BRF:0
BRH:0
LF:87
LH:77
end_of_record
SF:/home/matthew/develop/personal/karva/crates/karva_core/src/diagnostic/reporter.rs
FN:42,_RNvMs0_NtNtCs4RrqI5pJN37_10karva_core10diagnostic8reporterNtB5_16TestCaseReporter3new
FN:27,_RNvXNtNtCs4RrqI5pJN37_10karva_core10diagnostic8reporterNtB2_13DummyReporterNtB2_8Reporter14log_test_count
FN:25,_RNvXNtNtCs4RrqI5pJN37_10karva_core10diagnostic8reporterNtB2_13DummyReporterNtB2_8Reporter23report_test_case_result
FN:69,_RNvXs1_NtNtCs4RrqI5pJN37_10karva_core10diagnostic8reporterNtB5_16TestCaseReporterNtB5_8Reporter14log_test_count
FN:48,_RNvXs1_NtNtCs4RrqI5pJN37_10karva_core10diagnostic8reporterNtB5_16TestCaseReporterNtB5_8Reporter23report_test_case_result
FN:36,_RNvXs_NtNtCs4RrqI5pJN37_10karva_core10diagnostic8reporterNtB4_16TestCaseReporterNtNtCs3vi8RLxhvdw_4core7default7Default7default
FN:42,_RNvMs0_NtNtCs1eKvc9ZrgUW_10karva_core10diagnostic8reporterNtB5_16TestCaseReporter3new
FN:69,_RNvXs1_NtNtCs1eKvc9ZrgUW_10karva_core10diagnostic8reporterNtB5_16TestCaseReporterNtB5_8Reporter14log_test_count
FN:48,_RNvXs1_NtNtCs1eKvc9ZrgUW_10karva_core10diagnostic8reporterNtB5_16TestCaseReporterNtB5_8Reporter23report_test_case_result
FN:36,_RNvXs_NtNtCs1eKvc9ZrgUW_10karva_core10diagnostic8reporterNtB4_16TestCaseReporterNtNtCs3vi8RLxhvdw_4core7default7Default7default
FN:27,_RNvXNtNtCs1eKvc9ZrgUW_10karva_core10diagnostic8reporterNtB2_13DummyReporterNtB2_8Reporter14log_test_count
FN:25,_RNvXNtNtCs1eKvc9ZrgUW_10karva_core10diagnostic8reporterNtB2_13DummyReporterNtB2_8Reporter23report_test_case_result
FNDA:0,_RNvMs0_NtNtCs4RrqI5pJN37_10karva_core10diagnostic8reporterNtB5_16TestCaseReporter3new
FNDA:155,_RNvXNtNtCs4RrqI5pJN37_10karva_core10diagnostic8reporterNtB2_13DummyReporterNtB2_8Reporter14log_test_count
FNDA:271,_RNvXNtNtCs4RrqI5pJN37_10karva_core10diagnostic8reporterNtB2_13DummyReporterNtB2_8Reporter23report_test_case_result
FNDA:0,_RNvXs1_NtNtCs4RrqI5pJN37_10karva_core10diagnostic8reporterNtB5_16TestCaseReporterNtB5_8Reporter14log_test_count
FNDA:0,_RNvXs1_NtNtCs4RrqI5pJN37_10karva_core10diagnostic8reporterNtB5_16TestCaseReporterNtB5_8Reporter23report_test_case_result
FNDA:0,_RNvXs_NtNtCs4RrqI5pJN37_10karva_core10diagnostic8reporterNtB4_16TestCaseReporterNtNtCs3vi8RLxhvdw_4core7default7Default7default
FNDA:0,_RNvMs0_NtNtCs1eKvc9ZrgUW_10karva_core10diagnostic8reporterNtB5_16TestCaseReporter3new
FNDA:0,_RNvXs1_NtNtCs1eKvc9ZrgUW_10karva_core10diagnostic8reporterNtB5_16TestCaseReporterNtB5_8Reporter14log_test_count
FNDA:0,_RNvXs1_NtNtCs1eKvc9ZrgUW_10karva_core10diagnostic8reporterNtB5_16TestCaseReporterNtB5_8Reporter23report_test_case_result
FNDA:0,_RNvXs_NtNtCs1eKvc9ZrgUW_10karva_core10diagnostic8reporterNtB4_16TestCaseReporterNtNtCs3vi8RLxhvdw_4core7default7Default7default
FNDA:2,_RNvXNtNtCs1eKvc9ZrgUW_10karva_core10diagnostic8reporterNtB2_13DummyReporterNtB2_8Reporter14log_test_count
FNDA:2,_RNvXNtNtCs1eKvc9ZrgUW_10karva_core10diagnostic8reporterNtB2_13DummyReporterNtB2_8Reporter23report_test_case_result
FNF:6
FNH:2
DA:25,273
DA:27,157
DA:36,0
DA:37,0
DA:38,0
DA:42,0
DA:43,0
DA:44,0
DA:48,0
DA:49,0
DA:51,0
DA:53,0
DA:54,0
DA:55,0
DA:56,0
DA:57,0
DA:58,0
DA:59,0
DA:61,0
DA:66,0
DA:67,0
DA:69,0
DA:70,0
DA:71,0
DA:72,0
DA:73,0
DA:74,0
DA:76,0
DA:78,0
DA:79,0
BRF:0
BRH:0
LF:30
LH:2
end_of_record
SF:/home/matthew/develop/personal/karva/crates/karva_core/src/diagnostic/traceback.rs
FN:22,_RNCNvMNtNtCs4RrqI5pJN37_10karva_core10diagnostic9tracebackNtB4_9Traceback3new0B8_
FN:11,_RNvMNtNtCs4RrqI5pJN37_10karva_core10diagnostic9tracebackNtB2_9Traceback3new
FN:37,_RNvNtNtCs4RrqI5pJN37_10karva_core10diagnostic9traceback12get_location
FN:62,_RNvNtNtCs4RrqI5pJN37_10karva_core10diagnostic9traceback16filter_traceback
FN:88,_RNvNtNtNtNtCs1eKvc9ZrgUW_10karva_core10diagnostic9traceback5tests22filter_traceback_testss_21test_filter_traceback
FN:104,_RNvNtNtNtNtCs1eKvc9ZrgUW_10karva_core10diagnostic9traceback5tests22filter_traceback_testss_27test_filter_traceback_empty
FN:11,_RNvMNtNtCs1eKvc9ZrgUW_10karva_core10diagnostic9tracebackNtB2_9Traceback3new
FN:37,_RNvNtNtCs1eKvc9ZrgUW_10karva_core10diagnostic9traceback12get_location
FN:62,_RNvNtNtCs1eKvc9ZrgUW_10karva_core10diagnostic9traceback16filter_traceback
FN:22,_RNCNvMNtNtCs1eKvc9ZrgUW_10karva_core10diagnostic9tracebackNtB4_9Traceback3new0B8_
FN:125,_RNvNtNtNtNtCs1eKvc9ZrgUW_10karva_core10diagnostic9traceback5tests18get_location_testss_27test_get_location_with_path
FN:135,_RNvNtNtNtNtCs1eKvc9ZrgUW_10karva_core10diagnostic9traceback5tests18get_location_testss_29test_get_location_multi_frame
FN:155,_RNvNtNtNtNtCs1eKvc9ZrgUW_10karva_core10diagnostic9traceback5tests18get_location_testss_29test_get_location_single_line
FN:162,_RNvNtNtNtNtCs1eKvc9ZrgUW_10karva_core10diagnostic9traceback5tests18get_location_testss_32test_get_location_no_file_prefix
FN:148,_RNvNtNtNtNtCs1eKvc9ZrgUW_10karva_core10diagnostic9traceback5tests18get_location_testss_33test_get_location_empty_traceback
FN:180,_RNvNtNtNtNtCs1eKvc9ZrgUW_10karva_core10diagnostic9traceback5tests18get_location_testss_33test_get_location_malformed_quote
FN:115,_RNvNtNtNtNtCs1eKvc9ZrgUW_10karva_core10diagnostic9traceback5tests18get_location_testss_33test_get_location_valid_traceback
FN:189,_RNvNtNtNtNtCs1eKvc9ZrgUW_10karva_core10diagnostic9traceback5tests18get_location_testss_35test_get_location_large_line_number
FN:171,_RNvNtNtNtNtCs1eKvc9ZrgUW_10karva_core10diagnostic9traceback5tests18get_location_testss_37test_get_location_missing_line_number
FNDA:10,_RNCNvMNtNtCs4RrqI5pJN37_10karva_core10diagnostic9tracebackNtB4_9Traceback3new0B8_
FNDA:5,_RNvMNtNtCs4RrqI5pJN37_10karva_core10diagnostic9tracebackNtB2_9Traceback3new
FNDA:5,_RNvNtNtCs4RrqI5pJN37_10karva_core10diagnostic9traceback12get_location
FNDA:5,_RNvNtNtCs4RrqI5pJN37_10karva_core10diagnostic9traceback16filter_traceback
FNDA:1,_RNvNtNtNtNtCs1eKvc9ZrgUW_10karva_core10diagnostic9traceback5tests22filter_traceback_testss_21test_filter_traceback
FNDA:1,_RNvNtNtNtNtCs1eKvc9ZrgUW_10karva_core10diagnostic9traceback5tests22filter_traceback_testss_27test_filter_traceback_empty
FNDA:0,_RNvMNtNtCs1eKvc9ZrgUW_10karva_core10diagnostic9tracebackNtB2_9Traceback3new
FNDA:9,_RNvNtNtCs1eKvc9ZrgUW_10karva_core10diagnostic9traceback12get_location
FNDA:2,_RNvNtNtCs1eKvc9ZrgUW_10karva_core10diagnostic9traceback16filter_traceback
FNDA:0,_RNCNvMNtNtCs1eKvc9ZrgUW_10karva_core10diagnostic9tracebackNtB4_9Traceback3new0B8_
FNDA:1,_RNvNtNtNtNtCs1eKvc9ZrgUW_10karva_core10diagnostic9traceback5tests18get_location_testss_27test_get_location_with_path
FNDA:1,_RNvNtNtNtNtCs1eKvc9ZrgUW_10karva_core10diagnostic9traceback5tests18get_location_testss_29test_get_location_multi_frame
FNDA:1,_RNvNtNtNtNtCs1eKvc9ZrgUW_10karva_core10diagnostic9traceback5tests18get_location_testss_29test_get_location_single_line
FNDA:1,_RNvNtNtNtNtCs1eKvc9ZrgUW_10karva_core10diagnostic9traceback5tests18get_location_testss_32test_get_location_no_file_prefix
FNDA:1,_RNvNtNtNtNtCs1eKvc9ZrgUW_10karva_core10diagnostic9traceback5tests18get_location_testss_33test_get_location_empty_traceback
FNDA:1,_RNvNtNtNtNtCs1eKvc9ZrgUW_10karva_core10diagnostic9traceback5tests18get_location_testss_33test_get_location_malformed_quote
FNDA:1,_RNvNtNtNtNtCs1eKvc9ZrgUW_10karva_core10diagnostic9traceback5tests18get_location_testss_33test_get_location_valid_traceback
FNDA:1,_RNvNtNtNtNtCs1eKvc9ZrgUW_10karva_core10diagnostic9traceback5tests18get_location_testss_35test_get_location_large_line_number
FNDA:1,_RNvNtNtNtNtCs1eKvc9ZrgUW_10karva_core10diagnostic9traceback5tests18get_location_testss_37test_get_location_missing_line_number
FNF:15
FNH:15
DA:11,5
DA:12,5
DA:13,5
DA:14,5
DA:15,0
DA:16,0
DA:17,0
DA:18,0
DA:19,5
DA:20,5
DA:21,5
DA:22,10
DA:23,5
DA:24,5
DA:25,5
DA:26,5
DA:27,5
DA:29,0
DA:30,0
DA:31,0
DA:32,0
DA:34,5
DA:37,14
DA:38,14
DA:41,32
DA:42,32
DA:43,32
DA:44,11
DA:45,10
DA:46,10
DA:47,10
DA:48,9
DA:49,9
DA:50,9
DA:51,9
DA:52,0
DA:53,1
DA:54,1
DA:55,21
DA:58,5
DA:59,14
DA:62,7
DA:63,7
DA:64,7
DA:66,19
DA:67,19
DA:68,6
DA:69,13
DA:70,13
DA:71,13
DA:73,7
DA:75,7
DA:77,7
DA:78,7
DA:88,1
DA:89,1
DA:90,1
DA:91,1
DA:92,1
DA:93,1
DA:94,1
DA:95,1
DA:101,1
DA:104,1
DA:105,1
DA:106,1
DA:107,1
DA:108,1
DA:115,1
DA:116,1
DA:117,1
DA:118,1
DA:119,1
DA:120,1
DA:121,1
DA:122,1
DA:125,1
DA:126,1
DA:127,1
DA:128,1
DA:129,1
DA:130,1
DA:131,1
DA:132,1
DA:135,1
DA:136,1
DA:137,1
DA:138,1
DA:139,1
DA:140,1
DA:141,1
DA:143,1
DA:144,1
DA:145,1
DA:148,1
DA:149,1
DA:150,1
DA:151,1
DA:152,1
DA:155,1
DA:156,1
DA:157,1
DA:158,1
DA:159,1
DA:162,1
DA:163,1
DA:164,1
DA:165,1
DA:166,1
DA:167,1
DA:168,1
DA:171,1
DA:172,1
DA:173,1
DA:174,1
DA:175,1
DA:176,1
DA:177,1
DA:180,1
DA:181,1
DA:182,1
DA:183,1
DA:184,1
DA:185,1
DA:186,1
DA:189,1
DA:190,1
DA:191,1
DA:192,1
DA:193,1
DA:194,1
DA:195,1
DA:196,1
BRF:0
BRH:0
LF:134
LH:125
end_of_record
SF:/home/matthew/develop/personal/karva/crates/karva_core/src/discovery/discoverer.rs
FN:171,_RNvMNtNtCs4RrqI5pJN37_10karva_core9discovery10discovererNtB2_18StandardDiscoverer18discover_directory
FN:96,_RNvMNtNtCs4RrqI5pJN37_10karva_core9discovery10discovererNtB2_18StandardDiscoverer18discover_test_file
FN:243,_RNvMNtNtCs4RrqI5pJN37_10karva_core9discovery10discovererNtB2_18StandardDiscoverer23create_directory_walker
FN:118,_RNvMNtNtCs4RrqI5pJN37_10karva_core9discovery10discovererNtB2_18StandardDiscoverer33add_parent_configuration_packages
FN:18,_RNvMNtNtCs4RrqI5pJN37_10karva_core9discovery10discovererNtB2_18StandardDiscoverer3new
FN:22,_RNvMNtNtCs4RrqI5pJN37_10karva_core9discovery10discovererNtB2_18StandardDiscoverer8discover
FN:272,_RNvMs_NtNtCs4RrqI5pJN37_10karva_core9discovery10discovererNtB4_13DiscoveryMode21is_configuration_only
FN:257,_RNCNvMNtNtCs4RrqI5pJN37_10karva_core9discovery10discovererNtB4_18StandardDiscoverer23create_directory_walker0B8_
FN:287,_RNvNtNtNtCs1eKvc9ZrgUW_10karva_core9discovery10discoverer5testss_19test_discover_files
FN:876,_RNvNtNtNtCs1eKvc9ZrgUW_10karva_core9discovery10discoverer5testss_28test_discover_pytest_fixture
FN:910,_RNvNtNtNtCs1eKvc9ZrgUW_10karva_core9discovery10discoverer5testss_31test_discover_generator_fixture
FN:588,_RNvNtNtNtCs1eKvc9ZrgUW_10karva_core9discovery10discoverer5testss_33test_discover_files_with_cwd_path
FN:803,_RNvNtNtNtCs1eKvc9ZrgUW_10karva_core9discovery10discoverer5testss_33test_discover_multiple_test_paths
FN:304,_RNvNtNtNtCs1eKvc9ZrgUW_10karva_core9discovery10discoverer5testss_34test_discover_files_with_directory
FN:328,_RNvNtNtNtCs1eKvc9ZrgUW_10karva_core9discovery10discoverer5testss_34test_discover_files_with_gitignore
FN:608,_RNvNtNtNtCs1eKvc9ZrgUW_10karva_core9discovery10discoverer5testss_38test_discover_function_inside_function
FN:958,_RNvNtNtNtCs1eKvc9ZrgUW_10karva_core9discovery10discoverer5testss_38test_discovery_same_module_given_twice
FN:418,_RNvNtNtNtCs1eKvc9ZrgUW_10karva_core9discovery10discoverer5testss_39test_discover_files_with_invalid_python
FN:461,_RNvNtNtNtCs1eKvc9ZrgUW_10karva_core9discovery10discoverer5testss_39test_discover_files_with_multiple_paths
FN:626,_RNvNtNtNtCs1eKvc9ZrgUW_10karva_core9discovery10discoverer5testss_42test_discover_fixture_in_same_file_in_root
FN:430,_RNvNtNtNtCs1eKvc9ZrgUW_10karva_core9discovery10discoverer5testss_43test_discover_files_with_custom_test_prefix
FN:349,_RNvNtNtNtCs1eKvc9ZrgUW_10karva_core9discovery10discoverer5testss_43test_discover_files_with_nested_directories
FN:406,_RNvNtNtNtCs1eKvc9ZrgUW_10karva_core9discovery10discoverer5testss_46test_discover_files_with_non_existent_function
FN:655,_RNvNtNtNtCs1eKvc9ZrgUW_10karva_core9discovery10discoverer5testss_46test_discover_fixture_in_same_file_in_test_dir
FN:542,_RNvNtNtNtCs1eKvc9ZrgUW_10karva_core9discovery10discoverer5testss_47test_discover_files_with_conftest_explicit_path
FN:683,_RNvNtNtNtCs1eKvc9ZrgUW_10karva_core9discovery10discoverer5testss_47test_discover_fixture_in_root_tests_in_test_dir
FN:381,_RNvNtNtNtCs1eKvc9ZrgUW_10karva_core9discovery10discoverer5testss_48test_discover_files_with_multiple_test_functions
FN:719,_RNvNtNtNtCs1eKvc9ZrgUW_10karva_core9discovery10discoverer5testss_49test_discover_fixture_in_root_tests_in_nested_dir
FN:516,_RNvNtNtNtCs1eKvc9ZrgUW_10karva_core9discovery10discoverer5testss_52test_tests_same_name_different_module_are_discovered
FN:836,_RNvNtNtNtCs1eKvc9ZrgUW_10karva_core9discovery10discoverer5testss_53test_discover_doubly_nested_with_conftest_middle_path
FN:494,_RNvNtNtNtCs1eKvc9ZrgUW_10karva_core9discovery10discoverer5testss_59test_paths_shadowed_by_other_paths_are_not_discovered_twice
FN:565,_RNvNtNtNtCs1eKvc9ZrgUW_10karva_core9discovery10discoverer5testss_69test_discover_files_with_conftest_parent_path_conftest_not_discovered
FN:257,_RNCNvMNtNtCs1eKvc9ZrgUW_10karva_core9discovery10discovererNtB4_18StandardDiscoverer23create_directory_walker0B8_
FN:292,_RNCNvNtNtNtCs1eKvc9ZrgUW_10karva_core9discovery10discoverer5testss_19test_discover_files0B9_
FN:895,_RNCNvNtNtNtCs1eKvc9ZrgUW_10karva_core9discovery10discoverer5testss_28test_discover_pytest_fixture0B9_
FN:929,_RNCNvNtNtNtCs1eKvc9ZrgUW_10karva_core9discovery10discoverer5testss_31test_discover_generator_fixture0B9_
FN:596,_RNCNvNtNtNtCs1eKvc9ZrgUW_10karva_core9discovery10discoverer5testss_33test_discover_files_with_cwd_path0B9_
FN:817,_RNCNvNtNtNtCs1eKvc9ZrgUW_10karva_core9discovery10discoverer5testss_33test_discover_multiple_test_paths0B9_
FN:315,_RNCNvNtNtNtCs1eKvc9ZrgUW_10karva_core9discovery10discoverer5testss_34test_discover_files_with_directory0B9_
FN:337,_RNCNvNtNtNtCs1eKvc9ZrgUW_10karva_core9discovery10discoverer5testss_34test_discover_files_with_gitignore0B9_
FN:620,_RNCNvNtNtNtCs1eKvc9ZrgUW_10karva_core9discovery10discoverer5testss_38test_discover_function_inside_function0B9_
FN:967,_RNCNvNtNtNtCs1eKvc9ZrgUW_10karva_core9discovery10discoverer5testss_38test_discovery_same_module_given_twice0B9_
FN:423,_RNCNvNtNtNtCs1eKvc9ZrgUW_10karva_core9discovery10discoverer5testss_39test_discover_files_with_invalid_python0B9_
FN:475,_RNCNvNtNtNtCs1eKvc9ZrgUW_10karva_core9discovery10discoverer5testss_39test_discover_files_with_multiple_paths0B9_
FN:643,_RNCNvNtNtNtCs1eKvc9ZrgUW_10karva_core9discovery10discoverer5testss_42test_discover_fixture_in_same_file_in_root0B9_
FN:449,_RNCNvNtNtNtCs1eKvc9ZrgUW_10karva_core9discovery10discoverer5testss_43test_discover_files_with_custom_test_prefix0B9_
FN:361,_RNCNvNtNtNtCs1eKvc9ZrgUW_10karva_core9discovery10discoverer5testss_43test_discover_files_with_nested_directories0B9_
FN:411,_RNCNvNtNtNtCs1eKvc9ZrgUW_10karva_core9discovery10discoverer5testss_46test_discover_files_with_non_existent_function0B9_
FN:671,_RNCNvNtNtNtCs1eKvc9ZrgUW_10karva_core9discovery10discoverer5testss_46test_discover_fixture_in_same_file_in_test_dir0B9_
FN:553,_RNCNvNtNtNtCs1eKvc9ZrgUW_10karva_core9discovery10discoverer5testss_47test_discover_files_with_conftest_explicit_path0B9_
FN:703,_RNCNvNtNtNtCs1eKvc9ZrgUW_10karva_core9discovery10discoverer5testss_47test_discover_fixture_in_root_tests_in_test_dir0B9_
FN:394,_RNCNvNtNtNtCs1eKvc9ZrgUW_10karva_core9discovery10discoverer5testss_48test_discover_files_with_multiple_test_functions0B9_
FN:777,_RNCNvNtNtNtCs1eKvc9ZrgUW_10karva_core9discovery10discoverer5testss_49test_discover_fixture_in_root_tests_in_nested_dir0B9_
FN:528,_RNCNvNtNtNtCs1eKvc9ZrgUW_10karva_core9discovery10discoverer5testss_52test_tests_same_name_different_module_are_discovered0B9_
FN:858,_RNCNvNtNtNtCs1eKvc9ZrgUW_10karva_core9discovery10discoverer5testss_53test_discover_doubly_nested_with_conftest_middle_path0B9_
FN:505,_RNCNvNtNtNtCs1eKvc9ZrgUW_10karva_core9discovery10discoverer5testss_59test_paths_shadowed_by_other_paths_are_not_discovered_twice0B9_
FN:576,_RNCNvNtNtNtCs1eKvc9ZrgUW_10karva_core9discovery10discoverer5testss_69test_discover_files_with_conftest_parent_path_conftest_not_discovered0B9_
FN:171,_RNvMNtNtCs1eKvc9ZrgUW_10karva_core9discovery10discovererNtB2_18StandardDiscoverer18discover_directory
FN:96,_RNvMNtNtCs1eKvc9ZrgUW_10karva_core9discovery10discovererNtB2_18StandardDiscoverer18discover_test_file
FN:243,_RNvMNtNtCs1eKvc9ZrgUW_10karva_core9discovery10discovererNtB2_18StandardDiscoverer23create_directory_walker
FN:118,_RNvMNtNtCs1eKvc9ZrgUW_10karva_core9discovery10discovererNtB2_18StandardDiscoverer33add_parent_configuration_packages
FN:18,_RNvMNtNtCs1eKvc9ZrgUW_10karva_core9discovery10discovererNtB2_18StandardDiscoverer3new
FN:22,_RNvMNtNtCs1eKvc9ZrgUW_10karva_core9discovery10discovererNtB2_18StandardDiscoverer8discover
FN:272,_RNvMs_NtNtCs1eKvc9ZrgUW_10karva_core9discovery10discovererNtB4_13DiscoveryMode21is_configuration_only
FNDA:462,_RNvMNtNtCs4RrqI5pJN37_10karva_core9discovery10discovererNtB2_18StandardDiscoverer18discover_directory
FNDA:179,_RNvMNtNtCs4RrqI5pJN37_10karva_core9discovery10discovererNtB2_18StandardDiscoverer18discover_test_file
FNDA:462,_RNvMNtNtCs4RrqI5pJN37_10karva_core9discovery10discovererNtB2_18StandardDiscoverer23create_directory_walker
FNDA:157,_RNvMNtNtCs4RrqI5pJN37_10karva_core9discovery10discovererNtB2_18StandardDiscoverer33add_parent_configuration_packages
FNDA:155,_RNvMNtNtCs4RrqI5pJN37_10karva_core9discovery10discovererNtB2_18StandardDiscoverer3new
FNDA:155,_RNvMNtNtCs4RrqI5pJN37_10karva_core9discovery10discovererNtB2_18StandardDiscoverer8discover
FNDA:646,_RNvMs_NtNtCs4RrqI5pJN37_10karva_core9discovery10discovererNtB4_13DiscoveryMode21is_configuration_only
FNDA:485,_RNCNvMNtNtCs4RrqI5pJN37_10karva_core9discovery10discovererNtB4_18StandardDiscoverer23create_directory_walker0B8_
FNDA:1,_RNvNtNtNtCs1eKvc9ZrgUW_10karva_core9discovery10discoverer5testss_19test_discover_files
FNDA:1,_RNvNtNtNtCs1eKvc9ZrgUW_10karva_core9discovery10discoverer5testss_28test_discover_pytest_fixture
FNDA:1,_RNvNtNtNtCs1eKvc9ZrgUW_10karva_core9discovery10discoverer5testss_31test_discover_generator_fixture
FNDA:1,_RNvNtNtNtCs1eKvc9ZrgUW_10karva_core9discovery10discoverer5testss_33test_discover_files_with_cwd_path
FNDA:1,_RNvNtNtNtCs1eKvc9ZrgUW_10karva_core9discovery10discoverer5testss_33test_discover_multiple_test_paths
FNDA:1,_RNvNtNtNtCs1eKvc9ZrgUW_10karva_core9discovery10discoverer5testss_34test_discover_files_with_directory
FNDA:1,_RNvNtNtNtCs1eKvc9ZrgUW_10karva_core9discovery10discoverer5testss_34test_discover_files_with_gitignore
FNDA:1,_RNvNtNtNtCs1eKvc9ZrgUW_10karva_core9discovery10discoverer5testss_38test_discover_function_inside_function
FNDA:1,_RNvNtNtNtCs1eKvc9ZrgUW_10karva_core9discovery10discoverer5testss_38test_discovery_same_module_given_twice
FNDA:1,_RNvNtNtNtCs1eKvc9ZrgUW_10karva_core9discovery10discoverer5testss_39test_discover_files_with_invalid_python
FNDA:1,_RNvNtNtNtCs1eKvc9ZrgUW_10karva_core9discovery10discoverer5testss_39test_discover_files_with_multiple_paths
FNDA:1,_RNvNtNtNtCs1eKvc9ZrgUW_10karva_core9discovery10discoverer5testss_42test_discover_fixture_in_same_file_in_root
FNDA:1,_RNvNtNtNtCs1eKvc9ZrgUW_10karva_core9discovery10discoverer5testss_43test_discover_files_with_custom_test_prefix
FNDA:1,_RNvNtNtNtCs1eKvc9ZrgUW_10karva_core9discovery10discoverer5testss_43test_discover_files_with_nested_directories
FNDA:1,_RNvNtNtNtCs1eKvc9ZrgUW_10karva_core9discovery10discoverer5testss_46test_discover_files_with_non_existent_function
FNDA:1,_RNvNtNtNtCs1eKvc9ZrgUW_10karva_core9discovery10discoverer5testss_46test_discover_fixture_in_same_file_in_test_dir
FNDA:1,_RNvNtNtNtCs1eKvc9ZrgUW_10karva_core9discovery10discoverer5testss_47test_discover_files_with_conftest_explicit_path
FNDA:1,_RNvNtNtNtCs1eKvc9ZrgUW_10karva_core9discovery10discoverer5testss_47test_discover_fixture_in_root_tests_in_test_dir
FNDA:1,_RNvNtNtNtCs1eKvc9ZrgUW_10karva_core9discovery10discoverer5testss_48test_discover_files_with_multiple_test_functions
FNDA:1,_RNvNtNtNtCs1eKvc9ZrgUW_10karva_core9discovery10discoverer5testss_49test_discover_fixture_in_root_tests_in_nested_dir
FNDA:1,_RNvNtNtNtCs1eKvc9ZrgUW_10karva_core9discovery10discoverer5testss_52test_tests_same_name_different_module_are_discovered
FNDA:1,_RNvNtNtNtCs1eKvc9ZrgUW_10karva_core9discovery10discoverer5testss_53test_discover_doubly_nested_with_conftest_middle_path
FNDA:1,_RNvNtNtNtCs1eKvc9ZrgUW_10karva_core9discovery10discoverer5testss_59test_paths_shadowed_by_other_paths_are_not_discovered_twice
FNDA:1,_RNvNtNtNtCs1eKvc9ZrgUW_10karva_core9discovery10discoverer5testss_69test_discover_files_with_conftest_parent_path_conftest_not_discovered
FNDA:202,_RNCNvMNtNtCs1eKvc9ZrgUW_10karva_core9discovery10discovererNtB4_18StandardDiscoverer23create_directory_walker0B8_
FNDA:1,_RNCNvNtNtNtCs1eKvc9ZrgUW_10karva_core9discovery10discoverer5testss_19test_discover_files0B9_
FNDA:1,_RNCNvNtNtNtCs1eKvc9ZrgUW_10karva_core9discovery10discoverer5testss_28test_discover_pytest_fixture0B9_
FNDA:1,_RNCNvNtNtNtCs1eKvc9ZrgUW_10karva_core9discovery10discoverer5testss_31test_discover_generator_fixture0B9_
FNDA:1,_RNCNvNtNtNtCs1eKvc9ZrgUW_10karva_core9discovery10discoverer5testss_33test_discover_files_with_cwd_path0B9_
FNDA:1,_RNCNvNtNtNtCs1eKvc9ZrgUW_10karva_core9discovery10discoverer5testss_33test_discover_multiple_test_paths0B9_
FNDA:1,_RNCNvNtNtNtCs1eKvc9ZrgUW_10karva_core9discovery10discoverer5testss_34test_discover_files_with_directory0B9_
FNDA:1,_RNCNvNtNtNtCs1eKvc9ZrgUW_10karva_core9discovery10discoverer5testss_34test_discover_files_with_gitignore0B9_
FNDA:1,_RNCNvNtNtNtCs1eKvc9ZrgUW_10karva_core9discovery10discoverer5testss_38test_discover_function_inside_function0B9_
FNDA:1,_RNCNvNtNtNtCs1eKvc9ZrgUW_10karva_core9discovery10discoverer5testss_38test_discovery_same_module_given_twice0B9_
FNDA:1,_RNCNvNtNtNtCs1eKvc9ZrgUW_10karva_core9discovery10discoverer5testss_39test_discover_files_with_invalid_python0B9_
FNDA:1,_RNCNvNtNtNtCs1eKvc9ZrgUW_10karva_core9discovery10discoverer5testss_39test_discover_files_with_multiple_paths0B9_
FNDA:2,_RNCNvNtNtNtCs1eKvc9ZrgUW_10karva_core9discovery10discoverer5testss_42test_discover_fixture_in_same_file_in_root0B9_
FNDA:1,_RNCNvNtNtNtCs1eKvc9ZrgUW_10karva_core9discovery10discoverer5testss_43test_discover_files_with_custom_test_prefix0B9_
FNDA:1,_RNCNvNtNtNtCs1eKvc9ZrgUW_10karva_core9discovery10discoverer5testss_43test_discover_files_with_nested_directories0B9_
FNDA:1,_RNCNvNtNtNtCs1eKvc9ZrgUW_10karva_core9discovery10discoverer5testss_46test_discover_files_with_non_existent_function0B9_
FNDA:3,_RNCNvNtNtNtCs1eKvc9ZrgUW_10karva_core9discovery10discoverer5testss_46test_discover_fixture_in_same_file_in_test_dir0B9_
FNDA:1,_RNCNvNtNtNtCs1eKvc9ZrgUW_10karva_core9discovery10discoverer5testss_47test_discover_files_with_conftest_explicit_path0B9_
FNDA:3,_RNCNvNtNtNtCs1eKvc9ZrgUW_10karva_core9discovery10discoverer5testss_47test_discover_fixture_in_root_tests_in_test_dir0B9_
FNDA:1,_RNCNvNtNtNtCs1eKvc9ZrgUW_10karva_core9discovery10discoverer5testss_48test_discover_files_with_multiple_test_functions0B9_
FNDA:5,_RNCNvNtNtNtCs1eKvc9ZrgUW_10karva_core9discovery10discoverer5testss_49test_discover_fixture_in_root_tests_in_nested_dir0B9_
FNDA:1,_RNCNvNtNtNtCs1eKvc9ZrgUW_10karva_core9discovery10discoverer5testss_52test_tests_same_name_different_module_are_discovered0B9_
FNDA:1,_RNCNvNtNtNtCs1eKvc9ZrgUW_10karva_core9discovery10discoverer5testss_53test_discover_doubly_nested_with_conftest_middle_path0B9_
FNDA:1,_RNCNvNtNtNtCs1eKvc9ZrgUW_10karva_core9discovery10discoverer5testss_59test_paths_shadowed_by_other_paths_are_not_discovered_twice0B9_
FNDA:1,_RNCNvNtNtNtCs1eKvc9ZrgUW_10karva_core9discovery10discoverer5testss_69test_discover_files_with_conftest_parent_path_conftest_not_discovered0B9_
FNDA:146,_RNvMNtNtCs1eKvc9ZrgUW_10karva_core9discovery10discovererNtB2_18StandardDiscoverer18discover_directory
FNDA:126,_RNvMNtNtCs1eKvc9ZrgUW_10karva_core9discovery10discovererNtB2_18StandardDiscoverer18discover_test_file
FNDA:146,_RNvMNtNtCs1eKvc9ZrgUW_10karva_core9discovery10discovererNtB2_18StandardDiscoverer23create_directory_walker
FNDA:59,_RNvMNtNtCs1eKvc9ZrgUW_10karva_core9discovery10discovererNtB2_18StandardDiscoverer33add_parent_configuration_packages
FNDA:53,_RNvMNtNtCs1eKvc9ZrgUW_10karva_core9discovery10discovererNtB2_18StandardDiscoverer3new
FNDA:53,_RNvMNtNtCs1eKvc9ZrgUW_10karva_core9discovery10discovererNtB2_18StandardDiscoverer8discover
FNDA:277,_RNvMs_NtNtCs1eKvc9ZrgUW_10karva_core9discovery10discovererNtB4_13DiscoveryMode21is_configuration_only
FNF:56
FNH:56
DA:18,208
DA:19,208
DA:20,208
DA:22,208
DA:23,208
DA:25,208
DA:27,208
DA:29,208
DA:30,0
DA:31,208
DA:33,208
DA:35,217
DA:36,217
DA:37,216
DA:38,216
DA:39,20
DA:40,20
DA:41,20
DA:43,0
DA:46,20
DA:48,20
DA:50,193
DA:51,193
DA:52,193
DA:53,193
DA:54,193
DA:55,193
DA:56,193
DA:57,193
DA:59,3
DA:60,3
DA:62,3
DA:63,3
DA:65,0
DA:68,3
DA:70,3
DA:71,3
DA:72,3
DA:74,3
DA:78,216
DA:79,216
DA:80,216
DA:81,216
DA:84,1
DA:85,1
DA:86,1
DA:90,208
DA:92,208
DA:93,208
DA:96,305
DA:97,305
DA:98,305
DA:99,305
DA:100,305
DA:101,305
DA:102,305
DA:104,305
DA:106,305
DA:108,305
DA:109,226
DA:110,226
DA:112,305
DA:114,305
DA:115,305
DA:118,216
DA:119,216
DA:120,216
DA:121,216
DA:122,216
DA:123,216
DA:124,216
DA:125,193
DA:127,23
DA:128,23
DA:129,0
DA:133,216
DA:136,271
DA:137,271
DA:138,19
DA:140,19
DA:141,19
DA:143,0
DA:146,19
DA:148,19
DA:150,19
DA:151,252
DA:153,271
DA:154,216
DA:155,55
DA:157,55
DA:158,55
DA:159,0
DA:163,216
DA:164,216
DA:171,608
DA:172,608
DA:173,608
DA:174,608
DA:175,608
DA:176,608
DA:177,608
DA:179,608
DA:181,608
DA:183,1894
DA:184,1286
DA:185,0
DA:187,1286
DA:188,1286
DA:191,1286
DA:192,608
DA:193,678
DA:195,678
DA:196,678
DA:197,415
DA:198,0
DA:199,415
DA:201,415
DA:202,415
DA:204,415
DA:205,415
DA:207,263
DA:209,203
DA:210,0
DA:211,203
DA:213,203
DA:214,203
DA:216,0
DA:219,203
DA:220,203
DA:223,60
DA:224,60
DA:225,60
DA:226,60
DA:227,60
DA:228,0
DA:231,60
DA:232,60
DA:235,0
DA:239,608
DA:240,608
DA:243,608
DA:244,608
DA:245,608
DA:246,608
DA:247,608
DA:248,608
DA:249,608
DA:250,608
DA:251,608
DA:252,608
DA:253,608
DA:254,608
DA:255,608
DA:256,608
DA:257,687
DA:258,687
DA:259,687
DA:260,687
DA:261,608
DA:262,608
DA:272,923
DA:273,923
DA:274,923
DA:287,1
DA:288,1
DA:290,1
DA:291,1
DA:292,1
DA:294,1
DA:295,1
DA:296,1
DA:297,1
DA:298,1
DA:299,1
DA:300,1
DA:301,1
DA:304,1
DA:305,1
DA:306,1
DA:307,1
DA:308,1
DA:309,1
DA:310,1
DA:311,1
DA:313,1
DA:314,1
DA:315,1
DA:317,1
DA:318,1
DA:319,1
DA:320,1
DA:321,1
DA:322,1
DA:323,1
DA:324,1
DA:325,1
DA:328,1
DA:329,1
DA:330,1
DA:331,1
DA:332,1
DA:333,1
DA:335,1
DA:336,1
DA:337,1
DA:339,1
DA:340,1
DA:341,1
DA:342,1
DA:343,1
DA:344,1
DA:345,1
DA:346,1
DA:349,1
DA:350,1
DA:351,1
DA:352,1
DA:353,1
DA:354,1
DA:355,1
DA:356,1
DA:357,1
DA:359,1
DA:360,1
DA:361,1
DA:363,1
DA:364,1
DA:365,1
DA:366,1
DA:367,1
DA:368,1
DA:369,1
DA:370,1
DA:371,1
DA:372,1
DA:373,1
DA:374,1
DA:375,1
DA:376,1
DA:377,1
DA:378,1
DA:381,1
DA:382,1
DA:383,1
DA:384,1
DA:385,1
DA:386,1
DA:387,1
DA:388,1
DA:389,1
DA:390,1
DA:392,1
DA:393,1
DA:394,1
DA:396,1
DA:397,1
DA:398,1
DA:399,1
DA:400,1
DA:401,1
DA:402,1
DA:403,1
DA:406,1
DA:407,1
DA:409,1
DA:410,1
DA:411,1
DA:413,1
DA:414,1
DA:415,1
DA:418,1
DA:419,1
DA:421,1
DA:422,1
DA:423,1
DA:425,1
DA:426,1
DA:427,1
DA:430,1
DA:431,1
DA:432,1
DA:433,1
DA:434,1
DA:435,1
DA:436,1
DA:437,1
DA:438,1
DA:440,1
DA:441,1
DA:442,1
DA:448,1
DA:449,1
DA:451,1
DA:452,1
DA:453,1
DA:454,1
DA:455,1
DA:456,1
DA:457,1
DA:458,1
DA:461,1
DA:462,1
DA:463,1
DA:464,1
DA:465,1
DA:466,1
DA:468,1
DA:469,1
DA:470,1
DA:471,1
DA:473,1
DA:474,1
DA:475,1
DA:477,1
DA:478,1
DA:479,1
DA:480,1
DA:481,1
DA:482,1
DA:483,1
DA:484,1
DA:485,1
DA:486,1
DA:487,1
DA:488,1
DA:489,1
DA:490,1
DA:491,1
DA:494,1
DA:495,1
DA:496,1
DA:497,1
DA:498,1
DA:500,1
DA:501,1
DA:503,1
DA:504,1
DA:505,1
DA:506,1
DA:507,1
DA:508,1
DA:509,1
DA:510,1
DA:511,1
DA:512,1
DA:513,1
DA:516,1
DA:517,1
DA:518,1
DA:519,1
DA:520,1
DA:522,1
DA:523,1
DA:524,1
DA:526,1
DA:527,1
DA:528,1
DA:529,1
DA:530,1
DA:531,1
DA:532,1
DA:533,1
DA:534,1
DA:535,1
DA:536,1
DA:537,1
DA:538,1
DA:539,1
DA:542,1
DA:543,1
DA:544,1
DA:545,1
DA:546,1
DA:548,1
DA:549,1
DA:551,1
DA:552,1
DA:553,1
DA:555,1
DA:556,1
DA:557,1
DA:558,1
DA:559,1
DA:560,1
DA:561,1
DA:562,1
DA:565,1
DA:566,1
DA:567,1
DA:568,1
DA:569,1
DA:571,1
DA:572,1
DA:574,1
DA:575,1
DA:576,1
DA:578,1
DA:579,1
DA:580,1
DA:581,1
DA:582,1
DA:583,1
DA:584,1
DA:585,1
DA:588,1
DA:589,1
DA:591,1
DA:592,1
DA:594,1
DA:595,1
DA:596,1
DA:598,1
DA:599,1
DA:600,1
DA:601,1
DA:602,1
DA:603,1
DA:604,1
DA:605,1
DA:608,1
DA:609,1
DA:610,1
DA:611,1
DA:612,1
DA:614,1
DA:615,1
DA:617,1
DA:618,1
DA:620,1
DA:622,1
DA:623,1
DA:626,1
DA:627,1
DA:628,1
DA:629,1
DA:630,1
DA:631,1
DA:632,1
DA:633,1
DA:634,1
DA:635,1
DA:636,1
DA:638,1
DA:639,1
DA:641,2
DA:642,2
DA:643,2
DA:645,2
DA:652,1
DA:655,1
DA:656,1
DA:657,1
DA:658,1
DA:659,1
DA:660,1
DA:661,1
DA:662,1
DA:663,1
DA:665,1
DA:666,1
DA:667,1
DA:669,3
DA:670,3
DA:671,3
DA:672,3
DA:680,1
DA:683,1
DA:684,1
DA:685,1
DA:686,1
DA:687,1
DA:688,1
DA:689,1
DA:690,1
DA:691,1
DA:692,1
DA:693,1
DA:694,1
DA:695,1
DA:697,1
DA:698,1
DA:699,1
DA:701,3
DA:702,3
DA:703,3
DA:705,3
DA:716,1
DA:719,1
DA:720,1
DA:721,1
DA:722,1
DA:723,1
DA:724,1
DA:725,1
DA:726,1
DA:727,1
DA:728,1
DA:729,1
DA:730,1
DA:731,1
DA:732,1
DA:733,1
DA:734,1
DA:735,1
DA:736,1
DA:737,1
DA:738,1
DA:739,1
DA:740,1
DA:741,1
DA:742,1
DA:743,1
DA:744,1
DA:745,1
DA:746,1
DA:747,1
DA:748,1
DA:749,1
DA:750,1
DA:751,1
DA:752,1
DA:753,1
DA:754,1
DA:755,1
DA:756,1
DA:757,1
DA:758,1
DA:759,1
DA:760,1
DA:761,1
DA:763,1
DA:764,1
DA:765,1
DA:766,1
DA:767,1
DA:769,5
DA:770,1
DA:771,1
DA:772,1
DA:773,1
DA:774,1
DA:776,5
DA:777,5
DA:778,5
DA:800,1
DA:803,1
DA:804,1
DA:805,1
DA:806,1
DA:807,1
DA:808,1
DA:810,1
DA:811,1
DA:812,1
DA:813,1
DA:815,1
DA:817,1
DA:819,1
DA:820,1
DA:821,1
DA:822,1
DA:823,1
DA:824,1
DA:825,1
DA:826,1
DA:827,1
DA:828,1
DA:829,1
DA:830,1
DA:831,1
DA:832,1
DA:833,1
DA:836,1
DA:837,1
DA:838,1
DA:839,1
DA:840,1
DA:841,1
DA:842,1
DA:843,1
DA:844,1
DA:845,1
DA:846,1
DA:847,1
DA:848,1
DA:849,1
DA:850,1
DA:851,1
DA:853,1
DA:854,1
DA:855,1
DA:857,1
DA:858,1
DA:860,1
DA:861,1
DA:862,1
DA:863,1
DA:864,1
DA:865,1
DA:866,1
DA:867,1
DA:868,1
DA:869,1
DA:870,1
DA:871,1
DA:872,1
DA:873,1
DA:876,1
DA:877,1
DA:878,1
DA:879,1
DA:880,1
DA:881,1
DA:882,1
DA:883,1
DA:884,1
DA:885,1
DA:886,1
DA:887,1
DA:888,1
DA:889,1
DA:891,1
DA:892,1
DA:894,1
DA:895,1
DA:897,1
DA:898,1
DA:899,1
DA:900,1
DA:901,1
DA:902,1
DA:903,1
DA:904,1
DA:905,1
DA:906,1
DA:907,1
DA:910,1
DA:911,1
DA:912,1
DA:913,1
DA:914,1
DA:915,1
DA:916,1
DA:917,1
DA:918,1
DA:919,1
DA:920,1
DA:921,1
DA:922,1
DA:923,1
DA:925,1
DA:926,1
DA:928,1
DA:929,1
DA:931,1
DA:933,1
DA:934,1
DA:935,1
DA:936,1
DA:937,1
DA:938,1
DA:939,1
DA:940,1
DA:942,1
DA:943,1
DA:944,1
DA:945,1
DA:946,1
DA:947,1
DA:948,1
DA:950,1
DA:952,1
DA:954,1
DA:955,1
DA:958,1
DA:959,1
DA:961,1
DA:962,1
DA:963,1
DA:965,1
DA:967,1
DA:969,1
DA:970,1
BRF:0
BRH:0
LF:708
LH:693
end_of_record
SF:/home/matthew/develop/personal/karva/crates/karva_core/src/discovery/models/function.rs
FN:57,_RNvMNtNtNtCs4RrqI5pJN37_10karva_core9discovery6models8functionNtB2_12TestFunction10definition
FN:61,_RNvMNtNtNtCs4RrqI5pJN37_10karva_core9discovery6models8functionNtB2_12TestFunction11py_function
FN:53,_RNvMNtNtNtCs4RrqI5pJN37_10karva_core9discovery6models8functionNtB2_12TestFunction13function_name
FN:70,_RNvMNtNtNtCs4RrqI5pJN37_10karva_core9discovery6models8functionNtB2_12TestFunction17display_with_line
FN:31,_RNvMNtNtNtCs4RrqI5pJN37_10karva_core9discovery6models8functionNtB2_12TestFunction3new
FN:49,_RNvMNtNtNtCs4RrqI5pJN37_10karva_core9discovery6models8functionNtB2_12TestFunction4name
FN:65,_RNvMNtNtNtCs4RrqI5pJN37_10karva_core9discovery6models8functionNtB2_12TestFunction4tags
FN:166,_RNvXs_NtNtNtCs4RrqI5pJN37_10karva_core9discovery6models8functionNtB4_12TestFunctionNtNtNtNtBa_10extensions8fixtures6traits16RequiresFixtures17required_fixtures
FN:75,_RINvMNtNtNtCs4RrqI5pJN37_10karva_core9discovery6models8functionNtB3_12TestFunction7collectNCNvMNtNtB9_10collection9collectorNtB1v_17TestCaseCollector21collect_test_function0EB9_
FN:127,_RNCINvMNtNtNtCs4RrqI5pJN37_10karva_core9discovery6models8functionNtB5_12TestFunction7collectNCNvMNtNtBb_10collection9collectorNtB1x_17TestCaseCollector21collect_test_function0E0Bb_
FN:229,_RNvNtNtNtNtCs1eKvc9ZrgUW_10karva_core9discovery6models8function5testss_17test_case_display
FN:204,_RNvNtNtNtNtCs1eKvc9ZrgUW_10karva_core9discovery6models8function5testss_23test_case_with_fixtures
FN:185,_RNvNtNtNtNtCs1eKvc9ZrgUW_10karva_core9discovery6models8function5testss_34test_case_construction_and_getters
FN:57,_RNvMNtNtNtCs1eKvc9ZrgUW_10karva_core9discovery6models8functionNtB2_12TestFunction10definition
FN:61,_RNvMNtNtNtCs1eKvc9ZrgUW_10karva_core9discovery6models8functionNtB2_12TestFunction11py_function
FN:53,_RNvMNtNtNtCs1eKvc9ZrgUW_10karva_core9discovery6models8functionNtB2_12TestFunction13function_name
FN:70,_RNvMNtNtNtCs1eKvc9ZrgUW_10karva_core9discovery6models8functionNtB2_12TestFunction17display_with_line
FN:31,_RNvMNtNtNtCs1eKvc9ZrgUW_10karva_core9discovery6models8functionNtB2_12TestFunction3new
FN:49,_RNvMNtNtNtCs1eKvc9ZrgUW_10karva_core9discovery6models8functionNtB2_12TestFunction4name
FN:65,_RNvMNtNtNtCs1eKvc9ZrgUW_10karva_core9discovery6models8functionNtB2_12TestFunction4tags
FN:166,_RNvXs_NtNtNtCs1eKvc9ZrgUW_10karva_core9discovery6models8functionNtB4_12TestFunctionNtNtNtNtBa_10extensions8fixtures6traits16RequiresFixtures17required_fixtures
FN:213,_RNCNCNvNtNtNtNtCs1eKvc9ZrgUW_10karva_core9discovery6models8function5testss_23test_case_with_fixtures00Bd_
FN:236,_RNCNvNtNtNtNtCs1eKvc9ZrgUW_10karva_core9discovery6models8function5testss_17test_case_display0Bb_
FN:205,_RNCNvNtNtNtNtCs1eKvc9ZrgUW_10karva_core9discovery6models8function5testss_23test_case_with_fixtures0Bb_
FN:191,_RNCNvNtNtNtNtCs1eKvc9ZrgUW_10karva_core9discovery6models8function5testss_34test_case_construction_and_getters0Bb_
FN:75,_RINvMNtNtNtCs1eKvc9ZrgUW_10karva_core9discovery6models8functionNtB3_12TestFunction7collectNCNvMNtNtB9_10collection9collectorNtB1v_17TestCaseCollector21collect_test_function0EB9_
FN:127,_RNCINvMNtNtNtCs1eKvc9ZrgUW_10karva_core9discovery6models8functionNtB5_12TestFunction7collectNCNvMNtNtBb_10collection9collectorNtB1x_17TestCaseCollector21collect_test_function0E0Bb_
FNDA:159,_RNvMNtNtNtCs4RrqI5pJN37_10karva_core9discovery6models8functionNtB2_12TestFunction10definition
FNDA:251,_RNvMNtNtNtCs4RrqI5pJN37_10karva_core9discovery6models8functionNtB2_12TestFunction11py_function
FNDA:6,_RNvMNtNtNtCs4RrqI5pJN37_10karva_core9discovery6models8functionNtB2_12TestFunction13function_name
FNDA:21,_RNvMNtNtNtCs4RrqI5pJN37_10karva_core9discovery6models8functionNtB2_12TestFunction17display_with_line
FNDA:211,_RNvMNtNtNtCs4RrqI5pJN37_10karva_core9discovery6models8functionNtB2_12TestFunction3new
FNDA:300,_RNvMNtNtNtCs4RrqI5pJN37_10karva_core9discovery6models8functionNtB2_12TestFunction4name
FNDA:522,_RNvMNtNtNtCs4RrqI5pJN37_10karva_core9discovery6models8functionNtB2_12TestFunction4tags
FNDA:1068,_RNvXs_NtNtNtCs4RrqI5pJN37_10karva_core9discovery6models8functionNtB4_12TestFunctionNtNtNtNtBa_10extensions8fixtures6traits16RequiresFixtures17required_fixtures
FNDA:206,_RINvMNtNtNtCs4RrqI5pJN37_10karva_core9discovery6models8functionNtB3_12TestFunction7collectNCNvMNtNtB9_10collection9collectorNtB1v_17TestCaseCollector21collect_test_function0EB9_
FNDA:157,_RNCINvMNtNtNtCs4RrqI5pJN37_10karva_core9discovery6models8functionNtB5_12TestFunction7collectNCNvMNtNtBb_10collection9collectorNtB1x_17TestCaseCollector21collect_test_function0E0Bb_
FNDA:1,_RNvNtNtNtNtCs1eKvc9ZrgUW_10karva_core9discovery6models8function5testss_17test_case_display
FNDA:1,_RNvNtNtNtNtCs1eKvc9ZrgUW_10karva_core9discovery6models8function5testss_23test_case_with_fixtures
FNDA:1,_RNvNtNtNtNtCs1eKvc9ZrgUW_10karva_core9discovery6models8function5testss_34test_case_construction_and_getters
FNDA:2,_RNvMNtNtNtCs1eKvc9ZrgUW_10karva_core9discovery6models8functionNtB2_12TestFunction10definition
FNDA:2,_RNvMNtNtNtCs1eKvc9ZrgUW_10karva_core9discovery6models8functionNtB2_12TestFunction11py_function
FNDA:22,_RNvMNtNtNtCs1eKvc9ZrgUW_10karva_core9discovery6models8functionNtB2_12TestFunction13function_name
FNDA:0,_RNvMNtNtNtCs1eKvc9ZrgUW_10karva_core9discovery6models8functionNtB2_12TestFunction17display_with_line
FNDA:71,_RNvMNtNtNtCs1eKvc9ZrgUW_10karva_core9discovery6models8functionNtB2_12TestFunction3new
FNDA:53,_RNvMNtNtNtCs1eKvc9ZrgUW_10karva_core9discovery6models8functionNtB2_12TestFunction4name
FNDA:4,_RNvMNtNtNtCs1eKvc9ZrgUW_10karva_core9discovery6models8functionNtB2_12TestFunction4tags
FNDA:36,_RNvXs_NtNtNtCs1eKvc9ZrgUW_10karva_core9discovery6models8functionNtB4_12TestFunctionNtNtNtNtBa_10extensions8fixtures6traits16RequiresFixtures17required_fixtures
FNDA:1,_RNCNCNvNtNtNtNtCs1eKvc9ZrgUW_10karva_core9discovery6models8function5testss_23test_case_with_fixtures00Bd_
FNDA:1,_RNCNvNtNtNtNtCs1eKvc9ZrgUW_10karva_core9discovery6models8function5testss_17test_case_display0Bb_
FNDA:1,_RNCNvNtNtNtNtCs1eKvc9ZrgUW_10karva_core9discovery6models8function5testss_23test_case_with_fixtures0Bb_
FNDA:1,_RNCNvNtNtNtNtCs1eKvc9ZrgUW_10karva_core9discovery6models8function5testss_34test_case_construction_and_getters0Bb_
FNDA:2,_RINvMNtNtNtCs1eKvc9ZrgUW_10karva_core9discovery6models8functionNtB3_12TestFunction7collectNCNvMNtNtB9_10collection9collectorNtB1v_17TestCaseCollector21collect_test_function0EB9_
FNDA:2,_RNCINvMNtNtNtCs1eKvc9ZrgUW_10karva_core9discovery6models8functionNtB5_12TestFunction7collectNCNvMNtNtBb_10collection9collectorNtB1x_17TestCaseCollector21collect_test_function0E0Bb_
FNF:17
FNH:17
DA:31,282
DA:32,282
DA:33,282
DA:34,282
DA:35,282
DA:36,282
DA:37,282
DA:39,282
DA:41,282
DA:42,282
DA:43,282
DA:44,282
DA:45,282
DA:46,282
DA:47,282
DA:49,353
DA:50,353
DA:51,353
DA:53,28
DA:54,28
DA:55,28
DA:57,161
DA:58,161
DA:59,161
DA:61,253
DA:62,253
DA:63,253
DA:65,526
DA:66,526
DA:67,526
DA:70,21
DA:71,21
DA:72,21
DA:75,208
DA:76,208
DA:77,208
DA:78,208
DA:79,208
DA:80,208
DA:81,208
DA:82,0
DA:86,208
DA:88,208
DA:90,208
DA:93,208
DA:94,0
DA:95,208
DA:97,208
DA:99,440
DA:100,232
DA:102,232
DA:107,232
DA:109,232
DA:111,420
DA:112,188
DA:114,124
DA:115,64
DA:116,64
DA:117,115
DA:118,128
DA:123,115
DA:124,115
DA:125,115
DA:126,115
DA:127,159
DA:129,115
DA:130,13
DA:131,13
DA:132,13
DA:135,232
DA:136,220
DA:138,12
DA:140,12
DA:141,12
DA:142,12
DA:143,12
DA:144,12
DA:145,12
DA:148,506
DA:149,274
DA:150,274
DA:151,274
DA:152,274
DA:154,232
DA:155,232
DA:156,232
DA:157,232
DA:158,232
DA:161,208
DA:162,208
DA:166,1104
DA:167,1104
DA:169,1104
DA:171,1104
DA:172,1104
DA:185,1
DA:186,1
DA:187,1
DA:189,1
DA:190,1
DA:191,1
DA:193,1
DA:195,1
DA:196,1
DA:197,1
DA:198,1
DA:199,1
DA:201,1
DA:204,1
DA:205,1
DA:206,1
DA:207,1
DA:208,1
DA:209,1
DA:211,1
DA:212,1
DA:213,1
DA:215,1
DA:217,1
DA:218,1
DA:219,1
DA:220,1
DA:222,1
DA:223,1
DA:224,1
DA:225,1
DA:226,1
DA:229,1
DA:230,1
DA:232,1
DA:234,1
DA:235,1
DA:236,1
DA:238,1
DA:240,1
DA:241,1
DA:242,1
DA:244,1
DA:246,1
DA:247,1
DA:248,1
DA:250,1
BRF:0
BRH:0
LF:146
LH:144
end_of_record
SF:/home/matthew/develop/personal/karva/crates/karva_core/src/discovery/models/module.rs
FN:61,_RNCNvMNtNtNtCs4RrqI5pJN37_10karva_core9discovery6models6moduleNtB4_16DiscoveredModule21filter_test_functions0Ba_
FN:97,_RNCNvMNtNtNtCs4RrqI5pJN37_10karva_core9discovery6models6moduleNtB4_16DiscoveredModule6update0Ba_
FN:107,_RNCNvMNtNtNtCs4RrqI5pJN37_10karva_core9discovery6models6moduleNtB4_16DiscoveredModule6updates_0Ba_
FN:137,_RNCNvXs_NtNtNtCs4RrqI5pJN37_10karva_core9discovery6models6moduleNtB6_10ModuleTypeINtNtCs3vi8RLxhvdw_4core7convert4FromRNtCs6l2BbXnFYWC_6camino11Utf8PathBufE4from0Bc_
FN:87,_RNvMNtNtNtCs4RrqI5pJN37_10karva_core9discovery6models6moduleNtB2_16DiscoveredModule10line_index
FN:33,_RNvMNtNtNtCs4RrqI5pJN37_10karva_core9discovery6models6moduleNtB2_16DiscoveredModule11module_path
FN:45,_RNvMNtNtNtCs4RrqI5pJN37_10karva_core9discovery6models6moduleNtB2_16DiscoveredModule11module_type
FN:83,_RNvMNtNtNtCs4RrqI5pJN37_10karva_core9discovery6models6moduleNtB2_16DiscoveredModule11source_text
FN:75,_RNvMNtNtNtCs4RrqI5pJN37_10karva_core9discovery6models6moduleNtB2_16DiscoveredModule13with_fixtures
FN:49,_RNvMNtNtNtCs4RrqI5pJN37_10karva_core9discovery6models6moduleNtB2_16DiscoveredModule14test_functions
FN:53,_RNvMNtNtNtCs4RrqI5pJN37_10karva_core9discovery6models6moduleNtB2_16DiscoveredModule19with_test_functions
FN:79,_RNvMNtNtNtCs4RrqI5pJN37_10karva_core9discovery6models6moduleNtB2_16DiscoveredModule20total_test_functions
FN:60,_RNvMNtNtNtCs4RrqI5pJN37_10karva_core9discovery6models6moduleNtB2_16DiscoveredModule21filter_test_functions
FN:18,_RNvMNtNtNtCs4RrqI5pJN37_10karva_core9discovery6models6moduleNtB2_16DiscoveredModule3new
FN:41,_RNvMNtNtNtCs4RrqI5pJN37_10karva_core9discovery6models6moduleNtB2_16DiscoveredModule4name
FN:37,_RNvMNtNtNtCs4RrqI5pJN37_10karva_core9discovery6models6moduleNtB2_16DiscoveredModule4path
FN:91,_RNvMNtNtNtCs4RrqI5pJN37_10karva_core9discovery6models6moduleNtB2_16DiscoveredModule6update
FN:71,_RNvMNtNtNtCs4RrqI5pJN37_10karva_core9discovery6models6moduleNtB2_16DiscoveredModule8fixtures
FN:115,_RNvMNtNtNtCs4RrqI5pJN37_10karva_core9discovery6models6moduleNtB2_16DiscoveredModule8is_empty
FN:134,_RNvXs_NtNtNtCs4RrqI5pJN37_10karva_core9discovery6models6moduleNtB4_10ModuleTypeINtNtCs3vi8RLxhvdw_4core7convert4FromRNtCs6l2BbXnFYWC_6camino11Utf8PathBufE4from
FN:68,_RNCNvMNtNtNtCs1eKvc9ZrgUW_10karva_core9discovery6models6moduleNtB4_16DiscoveredModule17get_test_function0Ba_
FN:61,_RNCNvMNtNtNtCs1eKvc9ZrgUW_10karva_core9discovery6models6moduleNtB4_16DiscoveredModule21filter_test_functions0Ba_
FN:97,_RNCNvMNtNtNtCs1eKvc9ZrgUW_10karva_core9discovery6models6moduleNtB4_16DiscoveredModule6update0Ba_
FN:107,_RNCNvMNtNtNtCs1eKvc9ZrgUW_10karva_core9discovery6models6moduleNtB4_16DiscoveredModule6updates_0Ba_
FN:137,_RNCNvXs_NtNtNtCs1eKvc9ZrgUW_10karva_core9discovery6models6moduleNtB6_10ModuleTypeINtNtCs3vi8RLxhvdw_4core7convert4FromRNtCs6l2BbXnFYWC_6camino11Utf8PathBufE4from0Bc_
FN:87,_RNvMNtNtNtCs1eKvc9ZrgUW_10karva_core9discovery6models6moduleNtB2_16DiscoveredModule10line_index
FN:33,_RNvMNtNtNtCs1eKvc9ZrgUW_10karva_core9discovery6models6moduleNtB2_16DiscoveredModule11module_path
FN:45,_RNvMNtNtNtCs1eKvc9ZrgUW_10karva_core9discovery6models6moduleNtB2_16DiscoveredModule11module_type
FN:83,_RNvMNtNtNtCs1eKvc9ZrgUW_10karva_core9discovery6models6moduleNtB2_16DiscoveredModule11source_text
FN:75,_RNvMNtNtNtCs1eKvc9ZrgUW_10karva_core9discovery6models6moduleNtB2_16DiscoveredModule13with_fixtures
FN:49,_RNvMNtNtNtCs1eKvc9ZrgUW_10karva_core9discovery6models6moduleNtB2_16DiscoveredModule14test_functions
FN:65,_RNvMNtNtNtCs1eKvc9ZrgUW_10karva_core9discovery6models6moduleNtB2_16DiscoveredModule17get_test_function
FN:53,_RNvMNtNtNtCs1eKvc9ZrgUW_10karva_core9discovery6models6moduleNtB2_16DiscoveredModule19with_test_functions
FN:79,_RNvMNtNtNtCs1eKvc9ZrgUW_10karva_core9discovery6models6moduleNtB2_16DiscoveredModule20total_test_functions
FN:60,_RNvMNtNtNtCs1eKvc9ZrgUW_10karva_core9discovery6models6moduleNtB2_16DiscoveredModule21filter_test_functions
FN:18,_RNvMNtNtNtCs1eKvc9ZrgUW_10karva_core9discovery6models6moduleNtB2_16DiscoveredModule3new
FN:41,_RNvMNtNtNtCs1eKvc9ZrgUW_10karva_core9discovery6models6moduleNtB2_16DiscoveredModule4name
FN:37,_RNvMNtNtNtCs1eKvc9ZrgUW_10karva_core9discovery6models6moduleNtB2_16DiscoveredModule4path
FN:91,_RNvMNtNtNtCs1eKvc9ZrgUW_10karva_core9discovery6models6moduleNtB2_16DiscoveredModule6update
FN:120,_RNvMNtNtNtCs1eKvc9ZrgUW_10karva_core9discovery6models6moduleNtB2_16DiscoveredModule7display
FN:71,_RNvMNtNtNtCs1eKvc9ZrgUW_10karva_core9discovery6models6moduleNtB2_16DiscoveredModule8fixtures
FN:115,_RNvMNtNtNtCs1eKvc9ZrgUW_10karva_core9discovery6models6moduleNtB2_16DiscoveredModule8is_empty
FN:153,_RNvMs0_NtNtNtCs1eKvc9ZrgUW_10karva_core9discovery6models6moduleNtB5_23DisplayDiscoveredModule3new
FN:160,_RNvXs1_NtNtNtCs1eKvc9ZrgUW_10karva_core9discovery6models6moduleNtB5_23DisplayDiscoveredModuleNtNtCs3vi8RLxhvdw_4core3fmt7Display3fmt
FN:134,_RNvXs_NtNtNtCs1eKvc9ZrgUW_10karva_core9discovery6models6moduleNtB4_10ModuleTypeINtNtCs3vi8RLxhvdw_4core7convert4FromRNtCs6l2BbXnFYWC_6camino11Utf8PathBufE4from
FNDA:6,_RNCNvMNtNtNtCs4RrqI5pJN37_10karva_core9discovery6models6moduleNtB4_16DiscoveredModule21filter_test_functions0Ba_
FNDA:4,_RNCNvMNtNtNtCs4RrqI5pJN37_10karva_core9discovery6models6moduleNtB4_16DiscoveredModule6update0Ba_
FNDA:0,_RNCNvMNtNtNtCs4RrqI5pJN37_10karva_core9discovery6models6moduleNtB4_16DiscoveredModule6updates_0Ba_
FNDA:353,_RNCNvXs_NtNtNtCs4RrqI5pJN37_10karva_core9discovery6models6moduleNtB6_10ModuleTypeINtNtCs3vi8RLxhvdw_4core7convert4FromRNtCs6l2BbXnFYWC_6camino11Utf8PathBufE4from0Bc_
FNDA:148,_RNvMNtNtNtCs4RrqI5pJN37_10karva_core9discovery6models6moduleNtB2_16DiscoveredModule10line_index
FNDA:390,_RNvMNtNtNtCs4RrqI5pJN37_10karva_core9discovery6models6moduleNtB2_16DiscoveredModule11module_path
FNDA:532,_RNvMNtNtNtCs4RrqI5pJN37_10karva_core9discovery6models6moduleNtB2_16DiscoveredModule11module_type
FNDA:325,_RNvMNtNtNtCs4RrqI5pJN37_10karva_core9discovery6models6moduleNtB2_16DiscoveredModule11source_text
FNDA:179,_RNvMNtNtNtCs4RrqI5pJN37_10karva_core9discovery6models6moduleNtB2_16DiscoveredModule13with_fixtures
FNDA:854,_RNvMNtNtNtCs4RrqI5pJN37_10karva_core9discovery6models6moduleNtB2_16DiscoveredModule14test_functions
FNDA:162,_RNvMNtNtNtCs4RrqI5pJN37_10karva_core9discovery6models6moduleNtB2_16DiscoveredModule19with_test_functions
FNDA:539,_RNvMNtNtNtCs4RrqI5pJN37_10karva_core9discovery6models6moduleNtB2_16DiscoveredModule20total_test_functions
FNDA:3,_RNvMNtNtNtCs4RrqI5pJN37_10karva_core9discovery6models6moduleNtB2_16DiscoveredModule21filter_test_functions
FNDA:179,_RNvMNtNtNtCs4RrqI5pJN37_10karva_core9discovery6models6moduleNtB2_16DiscoveredModule3new
FNDA:179,_RNvMNtNtNtCs4RrqI5pJN37_10karva_core9discovery6models6moduleNtB2_16DiscoveredModule4name
FNDA:2301,_RNvMNtNtNtCs4RrqI5pJN37_10karva_core9discovery6models6moduleNtB2_16DiscoveredModule4path
FNDA:2,_RNvMNtNtNtCs4RrqI5pJN37_10karva_core9discovery6models6moduleNtB2_16DiscoveredModule6update
FNDA:1277,_RNvMNtNtNtCs4RrqI5pJN37_10karva_core9discovery6models6moduleNtB2_16DiscoveredModule8fixtures
FNDA:716,_RNvMNtNtNtCs4RrqI5pJN37_10karva_core9discovery6models6moduleNtB2_16DiscoveredModule8is_empty
FNDA:353,_RNvXs_NtNtNtCs4RrqI5pJN37_10karva_core9discovery6models6moduleNtB4_10ModuleTypeINtNtCs3vi8RLxhvdw_4core7convert4FromRNtCs6l2BbXnFYWC_6camino11Utf8PathBufE4from
FNDA:22,_RNCNvMNtNtNtCs1eKvc9ZrgUW_10karva_core9discovery6models6moduleNtB4_16DiscoveredModule17get_test_function0Ba_
FNDA:0,_RNCNvMNtNtNtCs1eKvc9ZrgUW_10karva_core9discovery6models6moduleNtB4_16DiscoveredModule21filter_test_functions0Ba_
FNDA:4,_RNCNvMNtNtNtCs1eKvc9ZrgUW_10karva_core9discovery6models6moduleNtB4_16DiscoveredModule6update0Ba_
FNDA:4,_RNCNvMNtNtNtCs1eKvc9ZrgUW_10karva_core9discovery6models6moduleNtB4_16DiscoveredModule6updates_0Ba_
FNDA:215,_RNCNvXs_NtNtNtCs1eKvc9ZrgUW_10karva_core9discovery6models6moduleNtB6_10ModuleTypeINtNtCs3vi8RLxhvdw_4core7convert4FromRNtCs6l2BbXnFYWC_6camino11Utf8PathBufE4from0Bc_
FNDA:49,_RNvMNtNtNtCs1eKvc9ZrgUW_10karva_core9discovery6models6moduleNtB2_16DiscoveredModule10line_index
FNDA:434,_RNvMNtNtNtCs1eKvc9ZrgUW_10karva_core9discovery6models6moduleNtB2_16DiscoveredModule11module_path
FNDA:398,_RNvMNtNtNtCs1eKvc9ZrgUW_10karva_core9discovery6models6moduleNtB2_16DiscoveredModule11module_type
FNDA:174,_RNvMNtNtNtCs1eKvc9ZrgUW_10karva_core9discovery6models6moduleNtB2_16DiscoveredModule11source_text
FNDA:126,_RNvMNtNtNtCs1eKvc9ZrgUW_10karva_core9discovery6models6moduleNtB2_16DiscoveredModule13with_fixtures
FNDA:75,_RNvMNtNtNtCs1eKvc9ZrgUW_10karva_core9discovery6models6moduleNtB2_16DiscoveredModule14test_functions
FNDA:19,_RNvMNtNtNtCs1eKvc9ZrgUW_10karva_core9discovery6models6moduleNtB2_16DiscoveredModule17get_test_function
FNDA:64,_RNvMNtNtNtCs1eKvc9ZrgUW_10karva_core9discovery6models6moduleNtB2_16DiscoveredModule19with_test_functions
FNDA:26,_RNvMNtNtNtCs1eKvc9ZrgUW_10karva_core9discovery6models6moduleNtB2_16DiscoveredModule20total_test_functions
FNDA:0,_RNvMNtNtNtCs1eKvc9ZrgUW_10karva_core9discovery6models6moduleNtB2_16DiscoveredModule21filter_test_functions
FNDA:126,_RNvMNtNtNtCs1eKvc9ZrgUW_10karva_core9discovery6models6moduleNtB2_16DiscoveredModule3new
FNDA:207,_RNvMNtNtNtCs1eKvc9ZrgUW_10karva_core9discovery6models6moduleNtB2_16DiscoveredModule4name
FNDA:1736,_RNvMNtNtNtCs1eKvc9ZrgUW_10karva_core9discovery6models6moduleNtB2_16DiscoveredModule4path
FNDA:6,_RNvMNtNtNtCs1eKvc9ZrgUW_10karva_core9discovery6models6moduleNtB2_16DiscoveredModule6update
FNDA:62,_RNvMNtNtNtCs1eKvc9ZrgUW_10karva_core9discovery6models6moduleNtB2_16DiscoveredModule7display
FNDA:194,_RNvMNtNtNtCs1eKvc9ZrgUW_10karva_core9discovery6models6moduleNtB2_16DiscoveredModule8fixtures
FNDA:548,_RNvMNtNtNtCs1eKvc9ZrgUW_10karva_core9discovery6models6moduleNtB2_16DiscoveredModule8is_empty
FNDA:62,_RNvMs0_NtNtNtCs1eKvc9ZrgUW_10karva_core9discovery6models6moduleNtB5_23DisplayDiscoveredModule3new
FNDA:62,_RNvXs1_NtNtNtCs1eKvc9ZrgUW_10karva_core9discovery6models6moduleNtB5_23DisplayDiscoveredModuleNtNtCs3vi8RLxhvdw_4core3fmt7Display3fmt
FNDA:215,_RNvXs_NtNtNtCs1eKvc9ZrgUW_10karva_core9discovery6models6moduleNtB4_10ModuleTypeINtNtCs3vi8RLxhvdw_4core7convert4FromRNtCs6l2BbXnFYWC_6camino11Utf8PathBufE4from
FNF:25
FNH:25
DA:18,305
DA:19,305
DA:21,305
DA:23,305
DA:24,305
DA:25,305
DA:26,305
DA:27,305
DA:28,305
DA:29,305
DA:30,305
DA:31,305
DA:33,824
DA:34,824
DA:35,824
DA:37,4037
DA:38,4037
DA:39,4037
DA:41,386
DA:42,386
DA:43,386
DA:45,930
DA:46,930
DA:47,930
DA:49,929
DA:50,929
DA:51,929
DA:53,226
DA:54,226
DA:55,226
DA:56,226
DA:57,226
DA:58,226
DA:60,3
DA:61,6
DA:62,3
DA:65,19
DA:66,19
DA:67,19
DA:68,22
DA:69,19
DA:71,1471
DA:72,1471
DA:73,1471
DA:75,305
DA:76,305
DA:77,305
DA:79,565
DA:80,565
DA:81,565
DA:83,499
DA:84,499
DA:85,499
DA:87,197
DA:88,197
DA:89,197
DA:91,8
DA:92,8
DA:93,15
DA:94,7
DA:95,7
DA:96,7
DA:97,8
DA:98,2
DA:99,2
DA:100,5
DA:103,12
DA:104,4
DA:105,4
DA:106,4
DA:107,4
DA:108,0
DA:109,0
DA:110,4
DA:112,0
DA:113,8
DA:115,1264
DA:116,1264
DA:117,1264
DA:120,62
DA:121,62
DA:122,62
DA:134,568
DA:135,568
DA:136,568
DA:137,568
DA:139,141
DA:141,427
DA:143,568
DA:153,62
DA:154,62
DA:155,62
DA:160,62
DA:161,62
DA:162,62
DA:163,62
DA:164,62
DA:165,41
DA:166,5
DA:167,36
DA:168,41
DA:170,62
DA:171,62
DA:172,62
DA:173,31
DA:174,0
DA:175,31
DA:176,31
DA:178,62
DA:179,62
DA:180,62
BRF:0
BRH:0
LF:116
LH:110
end_of_record
SF:/home/matthew/develop/personal/karva/crates/karva_core/src/discovery/models/package.rs
FN:78,_RNvMNtNtNtCs4RrqI5pJN37_10karva_core9discovery6models7packageNtB2_17DiscoveredPackage10add_module
FN:132,_RNvMNtNtNtCs4RrqI5pJN37_10karva_core9discovery6models7packageNtB2_17DiscoveredPackage11add_package
FN:201,_RNvMNtNtNtCs4RrqI5pJN37_10karva_core9discovery6models7packageNtB2_17DiscoveredPackage20configuration_module
FN:165,_RNvMNtNtNtCs4RrqI5pJN37_10karva_core9discovery6models7packageNtB2_17DiscoveredPackage20total_test_functions
FN:122,_RNvMNtNtNtCs4RrqI5pJN37_10karva_core9discovery6models7packageNtB2_17DiscoveredPackage24add_configuration_module
FN:22,_RNvMNtNtNtCs4RrqI5pJN37_10karva_core9discovery6models7packageNtB2_17DiscoveredPackage3new
FN:31,_RNvMNtNtNtCs4RrqI5pJN37_10karva_core9discovery6models7packageNtB2_17DiscoveredPackage4path
FN:210,_RNvMNtNtNtCs4RrqI5pJN37_10karva_core9discovery6models7packageNtB2_17DiscoveredPackage6shrink
FN:176,_RNvMNtNtNtCs4RrqI5pJN37_10karva_core9discovery6models7packageNtB2_17DiscoveredPackage6update
FN:35,_RNvMNtNtNtCs4RrqI5pJN37_10karva_core9discovery6models7packageNtB2_17DiscoveredPackage7modules
FN:226,_RNvMNtNtNtCs4RrqI5pJN37_10karva_core9discovery6models7packageNtB2_17DiscoveredPackage8is_empty
FN:39,_RNvMNtNtNtCs4RrqI5pJN37_10karva_core9discovery6models7packageNtB2_17DiscoveredPackage8packages
FN:87,_RNCNvMNtNtNtCs4RrqI5pJN37_10karva_core9discovery6models7packageNtB4_17DiscoveredPackage10add_module0Ba_
FN:202,_RNCNvMNtNtNtCs4RrqI5pJN37_10karva_core9discovery6models7packageNtB4_17DiscoveredPackage20configuration_module0Ba_
FN:211,_RNCNvMNtNtNtCs4RrqI5pJN37_10karva_core9discovery6models7packageNtB4_17DiscoveredPackage6shrink0Ba_
[...]
FN:44,_RNvMNtCscRlhGkMwX2w_13karva_project9verbosityNtB2_14VerbosityLevel8is_trace
FNDA:0,_RNvMNtCseKlgFTNzZWo_13karva_project9verbosityNtB2_14VerbosityLevel10is_default
FNDA:0,_RNvMNtCseKlgFTNzZWo_13karva_project9verbosityNtB2_14VerbosityLevel12level_filter
FNDA:0,_RNvMNtCseKlgFTNzZWo_13karva_project9verbosityNtB2_14VerbosityLevel16is_extra_verbose
FNDA:0,_RNvMNtCseKlgFTNzZWo_13karva_project9verbosityNtB2_14VerbosityLevel8is_quiet
FNDA:0,_RNvMNtCseKlgFTNzZWo_13karva_project9verbosityNtB2_14VerbosityLevel8is_trace
FNDA:0,_RNvMNtCscRlhGkMwX2w_13karva_project9verbosityNtB2_14VerbosityLevel10is_default
FNDA:0,_RNvMNtCscRlhGkMwX2w_13karva_project9verbosityNtB2_14VerbosityLevel8is_quiet
FNDA:1,_RNvNtNtCscRlhGkMwX2w_13karva_project9verbosity5testss_27test_verbosity_level_filter
FNDA:1,_RNvNtNtCscRlhGkMwX2w_13karva_project9verbosity5testss_29test_verbosity_level_is_trace
FNDA:1,_RNvNtNtCscRlhGkMwX2w_13karva_project9verbosity5testss_37test_verbosity_level_is_extra_verbose
FNDA:4,_RNvMNtCscRlhGkMwX2w_13karva_project9verbosityNtB2_14VerbosityLevel12level_filter
FNDA:1,_RNvMNtCscRlhGkMwX2w_13karva_project9verbosityNtB2_14VerbosityLevel16is_extra_verbose
FNDA:1,_RNvMNtCscRlhGkMwX2w_13karva_project9verbosityNtB2_14VerbosityLevel8is_trace
FNF:8
FNH:6
DA:26,4
DA:27,4
DA:28,0
DA:29,1
DA:30,1
DA:31,1
DA:32,1
DA:34,4
DA:36,0
DA:37,0
DA:38,0
DA:40,0
DA:41,0
DA:42,0
DA:44,1
DA:45,1
DA:46,1
DA:48,1
DA:49,1
DA:50,1
DA:58,1
DA:59,1
DA:60,1
DA:61,1
DA:62,1
DA:65,1
DA:66,1
DA:69,1
DA:70,1
DA:71,1
DA:74,1
DA:75,1
DA:76,1
BRF:0
BRH:0
LF:33
LH:26
end_of_record
SF:/home/matthew/develop/personal/karva/crates/karva_test/src/context/test_context.rs
FN:136,_RINvMNtNtCs3Pz4MGtpEaO_10karva_test7context12test_contextNtB3_11TestContext10with_filesATReB1p_Ej1_ECseTUHx2WfywD_17integration_tests
FN:136,_RINvMNtNtCs3Pz4MGtpEaO_10karva_test7context12test_contextNtB3_11TestContext10with_filesATReB1p_Ej2_ECseTUHx2WfywD_17integration_tests
FN:136,_RINvMNtNtCs3Pz4MGtpEaO_10karva_test7context12test_contextNtB3_11TestContext10with_filesATReB1p_Ej3_ECseTUHx2WfywD_17integration_tests
FN:154,_RINvMNtNtCs3Pz4MGtpEaO_10karva_test7context12test_contextNtB3_11TestContext10write_fileReECseTUHx2WfywD_17integration_tests
FN:148,_RINvMNtNtCs3Pz4MGtpEaO_10karva_test7context12test_contextNtB3_11TestContext11write_filesATReB1q_Ej1_ECseTUHx2WfywD_17integration_tests
FN:148,_RINvMNtNtCs3Pz4MGtpEaO_10karva_test7context12test_contextNtB3_11TestContext11write_filesATReB1q_Ej2_ECseTUHx2WfywD_17integration_tests
FN:148,_RINvMNtNtCs3Pz4MGtpEaO_10karva_test7context12test_contextNtB3_11TestContext11write_filesATReB1q_Ej3_ECseTUHx2WfywD_17integration_tests
FN:142,_RINvMNtNtCs3Pz4MGtpEaO_10karva_test7context12test_contextNtB3_11TestContext9with_fileReECseTUHx2WfywD_17integration_tests
FN:180,_RNCINvMNtNtCs3Pz4MGtpEaO_10karva_test7context12test_contextNtB5_11TestContext10write_fileReE0CseTUHx2WfywD_17integration_tests
FN:188,_RNCINvMNtNtCs3Pz4MGtpEaO_10karva_test7context12test_contextNtB5_11TestContext10write_fileReEs0_0CseTUHx2WfywD_17integration_tests
FN:184,_RNCINvMNtNtCs3Pz4MGtpEaO_10karva_test7context12test_contextNtB5_11TestContext10write_fileReEs_0CseTUHx2WfywD_17integration_tests
FN:192,_RNvMNtNtCs3Pz4MGtpEaO_10karva_test7context12test_contextNtB2_11TestContext11mapped_path
FN:105,_RNvMNtNtCs3Pz4MGtpEaO_10karva_test7context12test_contextNtB2_11TestContext17create_random_dir
FN:132,_RNvMNtNtCs3Pz4MGtpEaO_10karva_test7context12test_contextNtB2_11TestContext3cwd
FN:18,_RNvMNtNtCs3Pz4MGtpEaO_10karva_test7context12test_contextNtB2_11TestContext3new
FN:198,_RNvXs_NtNtCs3Pz4MGtpEaO_10karva_test7context12test_contextNtB4_11TestContextNtNtCs3vi8RLxhvdw_4core7default7Default7default
FN:122,_RINvMNtNtCs3Pz4MGtpEaO_10karva_test7context12test_contextNtB3_11TestContext10create_dirNtNtCsa9ZOT0ASFzx_5alloc6string6StringEB7_
FN:33,_RNCNvMNtNtCs3Pz4MGtpEaO_10karva_test7context12test_contextNtB4_11TestContext3new0B8_
FN:66,_RNCNvMNtNtCs3Pz4MGtpEaO_10karva_test7context12test_contextNtB4_11TestContext3news_0B8_
FN:136,_RINvMNtNtCs3Pz4MGtpEaO_10karva_test7context12test_contextNtB3_11TestContext10with_filesATReB1p_Ej1_ECs1eKvc9ZrgUW_10karva_core
FN:136,_RINvMNtNtCs3Pz4MGtpEaO_10karva_test7context12test_contextNtB3_11TestContext10with_filesATReB1p_Ej2_ECs1eKvc9ZrgUW_10karva_core
FN:136,_RINvMNtNtCs3Pz4MGtpEaO_10karva_test7context12test_contextNtB3_11TestContext10with_filesATReB1p_Ej3_ECs1eKvc9ZrgUW_10karva_core
FN:136,_RINvMNtNtCs3Pz4MGtpEaO_10karva_test7context12test_contextNtB3_11TestContext10with_filesATReB1p_Ej4_ECs1eKvc9ZrgUW_10karva_core
FN:136,_RINvMNtNtCs3Pz4MGtpEaO_10karva_test7context12test_contextNtB3_11TestContext10with_filesATReB1p_Ej5_ECs1eKvc9ZrgUW_10karva_core
FN:136,_RINvMNtNtCs3Pz4MGtpEaO_10karva_test7context12test_contextNtB3_11TestContext10with_filesATReB1p_Ej6_ECs1eKvc9ZrgUW_10karva_core
FN:154,_RINvMNtNtCs3Pz4MGtpEaO_10karva_test7context12test_contextNtB3_11TestContext10write_fileReECs1eKvc9ZrgUW_10karva_core
FN:109,_RINvMNtNtCs3Pz4MGtpEaO_10karva_test7context12test_contextNtB3_11TestContext11create_fileReECs1eKvc9ZrgUW_10karva_core
FN:148,_RINvMNtNtCs3Pz4MGtpEaO_10karva_test7context12test_contextNtB3_11TestContext11write_filesATReB1q_Ej1_ECs1eKvc9ZrgUW_10karva_core
FN:148,_RINvMNtNtCs3Pz4MGtpEaO_10karva_test7context12test_contextNtB3_11TestContext11write_filesATReB1q_Ej2_ECs1eKvc9ZrgUW_10karva_core
FN:148,_RINvMNtNtCs3Pz4MGtpEaO_10karva_test7context12test_contextNtB3_11TestContext11write_filesATReB1q_Ej3_ECs1eKvc9ZrgUW_10karva_core
FN:148,_RINvMNtNtCs3Pz4MGtpEaO_10karva_test7context12test_contextNtB3_11TestContext11write_filesATReB1q_Ej4_ECs1eKvc9ZrgUW_10karva_core
FN:148,_RINvMNtNtCs3Pz4MGtpEaO_10karva_test7context12test_contextNtB3_11TestContext11write_filesATReB1q_Ej5_ECs1eKvc9ZrgUW_10karva_core
FN:148,_RINvMNtNtCs3Pz4MGtpEaO_10karva_test7context12test_contextNtB3_11TestContext11write_filesATReB1q_Ej6_ECs1eKvc9ZrgUW_10karva_core
FN:142,_RINvMNtNtCs3Pz4MGtpEaO_10karva_test7context12test_contextNtB3_11TestContext9with_fileReECs1eKvc9ZrgUW_10karva_core
FN:180,_RNCINvMNtNtCs3Pz4MGtpEaO_10karva_test7context12test_contextNtB5_11TestContext10write_fileReE0Cs1eKvc9ZrgUW_10karva_core
FN:188,_RNCINvMNtNtCs3Pz4MGtpEaO_10karva_test7context12test_contextNtB5_11TestContext10write_fileReEs0_0Cs1eKvc9ZrgUW_10karva_core
FN:184,_RNCINvMNtNtCs3Pz4MGtpEaO_10karva_test7context12test_contextNtB5_11TestContext10write_fileReEs_0Cs1eKvc9ZrgUW_10karva_core
FN:122,_RINvMNtNtCs3Pz4MGtpEaO_10karva_test7context12test_contextNtB3_11TestContext10create_dirReECscRlhGkMwX2w_13karva_project
FN:109,_RINvMNtNtCs3Pz4MGtpEaO_10karva_test7context12test_contextNtB3_11TestContext11create_fileReECscRlhGkMwX2w_13karva_project
FN:128,_RINvMNtNtCs3Pz4MGtpEaO_10karva_test7context12test_contextNtB3_11TestContext9temp_pathReECscRlhGkMwX2w_13karva_project
FNDA:6,_RINvMNtNtCs3Pz4MGtpEaO_10karva_test7context12test_contextNtB3_11TestContext10with_filesATReB1p_Ej1_ECseTUHx2WfywD_17integration_tests
FNDA:13,_RINvMNtNtCs3Pz4MGtpEaO_10karva_test7context12test_contextNtB3_11TestContext10with_filesATReB1p_Ej2_ECseTUHx2WfywD_17integration_tests
FNDA:5,_RINvMNtNtCs3Pz4MGtpEaO_10karva_test7context12test_contextNtB3_11TestContext10with_filesATReB1p_Ej3_ECseTUHx2WfywD_17integration_tests
FNDA:178,_RINvMNtNtCs3Pz4MGtpEaO_10karva_test7context12test_contextNtB3_11TestContext10write_fileReECseTUHx2WfywD_17integration_tests
FNDA:6,_RINvMNtNtCs3Pz4MGtpEaO_10karva_test7context12test_contextNtB3_11TestContext11write_filesATReB1q_Ej1_ECseTUHx2WfywD_17integration_tests
FNDA:13,_RINvMNtNtCs3Pz4MGtpEaO_10karva_test7context12test_contextNtB3_11TestContext11write_filesATReB1q_Ej2_ECseTUHx2WfywD_17integration_tests
FNDA:5,_RINvMNtNtCs3Pz4MGtpEaO_10karva_test7context12test_contextNtB3_11TestContext11write_filesATReB1q_Ej3_ECseTUHx2WfywD_17integration_tests
FNDA:131,_RINvMNtNtCs3Pz4MGtpEaO_10karva_test7context12test_contextNtB3_11TestContext9with_fileReECseTUHx2WfywD_17integration_tests
FNDA:0,_RNCINvMNtNtCs3Pz4MGtpEaO_10karva_test7context12test_contextNtB5_11TestContext10write_fileReE0CseTUHx2WfywD_17integration_tests
FNDA:0,_RNCINvMNtNtCs3Pz4MGtpEaO_10karva_test7context12test_contextNtB5_11TestContext10write_fileReEs0_0CseTUHx2WfywD_17integration_tests
FNDA:0,_RNCINvMNtNtCs3Pz4MGtpEaO_10karva_test7context12test_contextNtB5_11TestContext10write_fileReEs_0CseTUHx2WfywD_17integration_tests
FNDA:37,_RNvMNtNtCs3Pz4MGtpEaO_10karva_test7context12test_contextNtB2_11TestContext11mapped_path
FNDA:0,_RNvMNtNtCs3Pz4MGtpEaO_10karva_test7context12test_contextNtB2_11TestContext17create_random_dir
FNDA:393,_RNvMNtNtCs3Pz4MGtpEaO_10karva_test7context12test_contextNtB2_11TestContext3cwd
FNDA:217,_RNvMNtNtCs3Pz4MGtpEaO_10karva_test7context12test_contextNtB2_11TestContext3new
FNDA:199,_RNvXs_NtNtCs3Pz4MGtpEaO_10karva_test7context12test_contextNtB4_11TestContextNtNtCs3vi8RLxhvdw_4core7default7Default7default
FNDA:0,_RINvMNtNtCs3Pz4MGtpEaO_10karva_test7context12test_contextNtB3_11TestContext10create_dirNtNtCsa9ZOT0ASFzx_5alloc6string6StringEB7_
FNDA:217,_RNCNvMNtNtCs3Pz4MGtpEaO_10karva_test7context12test_contextNtB4_11TestContext3new0B8_
FNDA:0,_RNCNvMNtNtCs3Pz4MGtpEaO_10karva_test7context12test_contextNtB4_11TestContext3news_0B8_
FNDA:14,_RINvMNtNtCs3Pz4MGtpEaO_10karva_test7context12test_contextNtB3_11TestContext10with_filesATReB1p_Ej1_ECs1eKvc9ZrgUW_10karva_core
FNDA:15,_RINvMNtNtCs3Pz4MGtpEaO_10karva_test7context12test_contextNtB3_11TestContext10with_filesATReB1p_Ej2_ECs1eKvc9ZrgUW_10karva_core
FNDA:6,_RINvMNtNtCs3Pz4MGtpEaO_10karva_test7context12test_contextNtB3_11TestContext10with_filesATReB1p_Ej3_ECs1eKvc9ZrgUW_10karva_core
FNDA:4,_RINvMNtNtCs3Pz4MGtpEaO_10karva_test7context12test_contextNtB3_11TestContext10with_filesATReB1p_Ej4_ECs1eKvc9ZrgUW_10karva_core
FNDA:2,_RINvMNtNtCs3Pz4MGtpEaO_10karva_test7context12test_contextNtB3_11TestContext10with_filesATReB1p_Ej5_ECs1eKvc9ZrgUW_10karva_core
FNDA:1,_RINvMNtNtCs3Pz4MGtpEaO_10karva_test7context12test_contextNtB3_11TestContext10with_filesATReB1p_Ej6_ECs1eKvc9ZrgUW_10karva_core
FNDA:96,_RINvMNtNtCs3Pz4MGtpEaO_10karva_test7context12test_contextNtB3_11TestContext10write_fileReECs1eKvc9ZrgUW_10karva_core
FNDA:1,_RINvMNtNtCs3Pz4MGtpEaO_10karva_test7context12test_contextNtB3_11TestContext11create_fileReECs1eKvc9ZrgUW_10karva_core
FNDA:14,_RINvMNtNtCs3Pz4MGtpEaO_10karva_test7context12test_contextNtB3_11TestContext11write_filesATReB1q_Ej1_ECs1eKvc9ZrgUW_10karva_core
FNDA:15,_RINvMNtNtCs3Pz4MGtpEaO_10karva_test7context12test_contextNtB3_11TestContext11write_filesATReB1q_Ej2_ECs1eKvc9ZrgUW_10karva_core
FNDA:6,_RINvMNtNtCs3Pz4MGtpEaO_10karva_test7context12test_contextNtB3_11TestContext11write_filesATReB1q_Ej3_ECs1eKvc9ZrgUW_10karva_core
FNDA:4,_RINvMNtNtCs3Pz4MGtpEaO_10karva_test7context12test_contextNtB3_11TestContext11write_filesATReB1q_Ej4_ECs1eKvc9ZrgUW_10karva_core
FNDA:2,_RINvMNtNtCs3Pz4MGtpEaO_10karva_test7context12test_contextNtB3_11TestContext11write_filesATReB1q_Ej5_ECs1eKvc9ZrgUW_10karva_core
FNDA:1,_RINvMNtNtCs3Pz4MGtpEaO_10karva_test7context12test_contextNtB3_11TestContext11write_filesATReB1q_Ej6_ECs1eKvc9ZrgUW_10karva_core
FNDA:2,_RINvMNtNtCs3Pz4MGtpEaO_10karva_test7context12test_contextNtB3_11TestContext9with_fileReECs1eKvc9ZrgUW_10karva_core
FNDA:0,_RNCINvMNtNtCs3Pz4MGtpEaO_10karva_test7context12test_contextNtB5_11TestContext10write_fileReE0Cs1eKvc9ZrgUW_10karva_core
FNDA:0,_RNCINvMNtNtCs3Pz4MGtpEaO_10karva_test7context12test_contextNtB5_11TestContext10write_fileReEs0_0Cs1eKvc9ZrgUW_10karva_core
FNDA:0,_RNCINvMNtNtCs3Pz4MGtpEaO_10karva_test7context12test_contextNtB5_11TestContext10write_fileReEs_0Cs1eKvc9ZrgUW_10karva_core
FNDA:2,_RINvMNtNtCs3Pz4MGtpEaO_10karva_test7context12test_contextNtB3_11TestContext10create_dirReECscRlhGkMwX2w_13karva_project
FNDA:12,_RINvMNtNtCs3Pz4MGtpEaO_10karva_test7context12test_contextNtB3_11TestContext11create_fileReECscRlhGkMwX2w_13karva_project
FNDA:7,_RINvMNtNtCs3Pz4MGtpEaO_10karva_test7context12test_contextNtB3_11TestContext9temp_pathReECscRlhGkMwX2w_13karva_project
FNF:17
FNH:12
DA:18,217
DA:19,217
DA:21,217
DA:22,217
DA:23,217
DA:24,217
DA:25,217
DA:26,217
DA:27,217
DA:28,217
DA:29,217
DA:31,217
DA:33,217
DA:35,217
DA:37,217
DA:39,217
DA:41,217
DA:42,217
DA:43,0
DA:44,217
DA:45,217
DA:46,217
DA:48,217
DA:49,217
DA:50,217
DA:51,217
DA:52,217
DA:53,217
DA:54,217
DA:55,217
DA:56,217
DA:57,217
DA:58,217
DA:59,217
DA:61,868
DA:62,651
DA:63,651
DA:64,651
DA:65,651
DA:66,651
DA:67,651
DA:69,651
DA:71,651
DA:73,651
DA:74,651
DA:77,217
DA:79,217
DA:80,434
DA:81,434
DA:82,434
DA:83,434
DA:84,434
DA:85,434
DA:86,434
DA:87,434
DA:88,434
DA:90,217
DA:91,217
DA:92,217
DA:93,217
DA:95,217
DA:97,217
DA:98,217
DA:99,217
DA:100,217
DA:101,217
DA:102,217
DA:103,217
DA:105,0
DA:106,0
DA:107,0
DA:109,13
DA:110,13
DA:111,13
DA:113,13
DA:114,13
DA:115,13
DA:116,13
DA:118,13
DA:119,13
DA:122,2
DA:123,2
DA:124,2
DA:125,2
DA:126,2
DA:128,7
DA:129,7
DA:130,7
DA:132,393
DA:133,393
DA:134,393
DA:136,66
DA:137,66
DA:138,66
DA:139,66
DA:140,66
DA:142,133
DA:143,133
DA:144,133
DA:145,133
DA:146,133
DA:148,66
DA:149,207
DA:150,141
DA:151,141
DA:152,66
DA:154,274
DA:156,274
DA:157,274
DA:160,274
DA:161,274
DA:163,274
DA:164,274
DA:165,274
DA:166,274
DA:168,0
DA:170,0
DA:171,0
DA:173,0
DA:176,274
DA:177,274
DA:178,0
DA:179,0
DA:180,274
DA:182,274
DA:183,274
DA:184,274
DA:185,274
DA:186,0
DA:187,274
DA:188,274
DA:189,274
DA:190,274
DA:192,37
DA:193,37
DA:194,37
DA:198,199
DA:199,199
DA:200,199
BRF:0
BRH:0
LF:144
LH:129
end_of_record
SF:/home/matthew/develop/personal/karva/crates/karva_test/src/real_world_projects.rs
FN:310,_RNCNCNvNtCs3Pz4MGtpEaO_10karva_test19real_world_projects22cargo_target_directory00B7_
FN:124,_RNCNvNtCs3Pz4MGtpEaO_10karva_test19real_world_projects21get_project_cache_dir0B5_
FN:302,_RNCNvNtCs3Pz4MGtpEaO_10karva_test19real_world_projects22cargo_target_directory0B5_
FN:39,_RNvMNtCs3Pz4MGtpEaO_10karva_test19real_world_projectsNtB2_16RealWorldProject5setup
FN:111,_RNvMs0_NtCs3Pz4MGtpEaO_10karva_test19real_world_projectsNtB5_16InstalledProject10test_paths
FN:115,_RNvMs0_NtCs3Pz4MGtpEaO_10karva_test19real_world_projectsNtB5_16InstalledProject4path
FN:107,_RNvMs0_NtCs3Pz4MGtpEaO_10karva_test19real_world_projectsNtB5_16InstalledProject6config
FN:94,_RNvMs_NtCs3Pz4MGtpEaO_10karva_test19real_world_projectsNtB4_8Checkout12project_root
FN:90,_RNvMs_NtCs3Pz4MGtpEaO_10karva_test19real_world_projectsNtB4_8Checkout7project
FN:355,_RNvNtCs3Pz4MGtpEaO_10karva_test19real_world_projects12all_projects
FN:344,_RNvNtCs3Pz4MGtpEaO_10karva_test19real_world_projects13typer_project
FN:322,_RNvNtCs3Pz4MGtpEaO_10karva_test19real_world_projects14affect_project
FN:170,_RNvNtCs3Pz4MGtpEaO_10karva_test19real_world_projects16clone_repository
FN:289,_RNvNtCs3Pz4MGtpEaO_10karva_test19real_world_projects16global_venv_path
FN:333,_RNvNtCs3Pz4MGtpEaO_10karva_test19real_world_projects16sqlmodel_project
FN:137,_RNvNtCs3Pz4MGtpEaO_10karva_test19real_world_projects17update_repository
FN:226,_RNvNtCs3Pz4MGtpEaO_10karva_test19real_world_projects20install_dependencies
FN:121,_RNvNtCs3Pz4MGtpEaO_10karva_test19real_world_projects21get_project_cache_dir
FN:300,_RNvNtCs3Pz4MGtpEaO_10karva_test19real_world_projects22cargo_target_directory
FNDA:0,_RNCNCNvNtCs3Pz4MGtpEaO_10karva_test19real_world_projects22cargo_target_directory00B7_
FNDA:0,_RNCNvNtCs3Pz4MGtpEaO_10karva_test19real_world_projects21get_project_cache_dir0B5_
FNDA:0,_RNCNvNtCs3Pz4MGtpEaO_10karva_test19real_world_projects22cargo_target_directory0B5_
FNDA:0,_RNvMNtCs3Pz4MGtpEaO_10karva_test19real_world_projectsNtB2_16RealWorldProject5setup
FNDA:0,_RNvMs0_NtCs3Pz4MGtpEaO_10karva_test19real_world_projectsNtB5_16InstalledProject10test_paths
FNDA:0,_RNvMs0_NtCs3Pz4MGtpEaO_10karva_test19real_world_projectsNtB5_16InstalledProject4path
FNDA:0,_RNvMs0_NtCs3Pz4MGtpEaO_10karva_test19real_world_projectsNtB5_16InstalledProject6config
FNDA:0,_RNvMs_NtCs3Pz4MGtpEaO_10karva_test19real_world_projectsNtB4_8Checkout12project_root
FNDA:0,_RNvMs_NtCs3Pz4MGtpEaO_10karva_test19real_world_projectsNtB4_8Checkout7project
FNDA:0,_RNvNtCs3Pz4MGtpEaO_10karva_test19real_world_projects12all_projects
FNDA:0,_RNvNtCs3Pz4MGtpEaO_10karva_test19real_world_projects13typer_project
FNDA:0,_RNvNtCs3Pz4MGtpEaO_10karva_test19real_world_projects14affect_project
FNDA:0,_RNvNtCs3Pz4MGtpEaO_10karva_test19real_world_projects16clone_repository
FNDA:0,_RNvNtCs3Pz4MGtpEaO_10karva_test19real_world_projects16global_venv_path
FNDA:0,_RNvNtCs3Pz4MGtpEaO_10karva_test19real_world_projects16sqlmodel_project
FNDA:0,_RNvNtCs3Pz4MGtpEaO_10karva_test19real_world_projects17update_repository
FNDA:0,_RNvNtCs3Pz4MGtpEaO_10karva_test19real_world_projects20install_dependencies
FNDA:0,_RNvNtCs3Pz4MGtpEaO_10karva_test19real_world_projects21get_project_cache_dir
FNDA:0,_RNvNtCs3Pz4MGtpEaO_10karva_test19real_world_projects22cargo_target_directory
FNF:19
FNH:0
DA:39,0
DA:40,0
DA:43,0
DA:46,0
DA:47,0
DA:48,0
DA:49,0
DA:50,0
DA:51,0
DA:52,0
DA:55,0
DA:56,0
DA:57,0
DA:58,0
DA:59,0
DA:60,0
DA:64,0
DA:65,0
DA:66,0
DA:67,0
DA:69,0
DA:70,0
DA:72,0
DA:75,0
DA:77,0
DA:78,0
DA:79,0
DA:80,0
DA:81,0
DA:90,0
DA:91,0
DA:92,0
DA:94,0
DA:95,0
DA:96,0
DA:107,0
DA:108,0
DA:109,0
DA:111,0
DA:112,0
DA:113,0
DA:115,0
DA:116,0
DA:117,0
DA:121,0
DA:122,0
DA:123,0
DA:124,0
DA:125,0
DA:126,0
DA:127,0
DA:129,0
DA:130,0
DA:131,0
DA:133,0
DA:134,0
DA:137,0
DA:138,0
DA:139,0
DA:140,0
DA:141,0
DA:142,0
DA:144,0
DA:145,0
DA:146,0
DA:148,0
DA:150,0
DA:153,0
DA:154,0
DA:155,0
DA:156,0
DA:157,0
DA:159,0
DA:160,0
DA:161,0
DA:163,0
DA:166,0
DA:167,0
DA:170,0
DA:172,0
DA:173,0
DA:174,0
DA:177,0
DA:178,0
DA:179,0
DA:180,0
DA:181,0
DA:182,0
DA:183,0
DA:184,0
DA:185,0
DA:186,0
DA:188,0
DA:189,0
DA:190,0
DA:191,0
DA:195,0
DA:196,0
DA:197,0
DA:198,0
DA:199,0
DA:201,0
DA:202,0
DA:203,0
DA:205,0
DA:209,0
DA:210,0
DA:211,0
DA:212,0
DA:213,0
DA:215,0
DA:216,0
DA:217,0
DA:219,0
DA:222,0
DA:223,0
DA:226,0
DA:228,0
DA:229,0
DA:230,0
DA:231,0
DA:233,0
DA:234,0
DA:235,0
DA:237,0
DA:239,0
DA:240,0
DA:242,0
DA:243,0
DA:244,0
DA:245,0
DA:246,0
DA:248,0
DA:249,0
DA:250,0
DA:251,0
DA:254,0
DA:255,0
DA:256,0
DA:257,0
DA:259,0
DA:260,0
DA:262,0
DA:263,0
DA:264,0
DA:265,0
DA:266,0
DA:268,0
DA:269,0
DA:270,0
DA:271,0
DA:274,0
DA:275,0
DA:276,0
DA:277,0
DA:278,0
DA:280,0
DA:281,0
DA:282,0
DA:283,0
DA:286,0
DA:287,0
DA:289,0
DA:290,0
DA:291,0
DA:292,0
DA:293,0
DA:294,0
DA:295,0
DA:296,0
DA:300,0
DA:301,0
DA:302,0
DA:308,0
DA:309,0
DA:310,0
DA:311,0
DA:312,0
DA:313,0
DA:314,0
DA:315,0
DA:316,0
DA:317,0
DA:318,0
DA:319,0
DA:320,0
DA:322,0
DA:323,0
DA:324,0
DA:325,0
DA:326,0
DA:327,0
DA:328,0
DA:329,0
DA:330,0
DA:331,0
DA:333,0
DA:334,0
DA:335,0
DA:336,0
DA:337,0
DA:338,0
DA:339,0
DA:340,0
DA:341,0
DA:342,0
DA:344,0
DA:345,0
DA:346,0
DA:347,0
DA:348,0
DA:349,0
DA:350,0
DA:351,0
DA:352,0
DA:353,0
DA:355,0
DA:356,0
DA:357,0
BRF:0
BRH:0
LF:222
LH:0
end_of_record
SF:/home/matthew/develop/personal/karva/crates/karva_test/src/utils.rs
FN:9,_RNCNvNtCs3Pz4MGtpEaO_10karva_test5utils16find_karva_wheel0B5_
FN:16,_RNCNvNtCs3Pz4MGtpEaO_10karva_test5utils16find_karva_wheels0_0B5_
FN:25,_RNCNvNtCs3Pz4MGtpEaO_10karva_test5utils16find_karva_wheels1_0B5_
FN:10,_RNCNvNtCs3Pz4MGtpEaO_10karva_test5utils16find_karva_wheels_0B5_
FN:37,_RNvNtCs3Pz4MGtpEaO_10karva_test5utils14tempdir_filter
FN:6,_RNvNtCs3Pz4MGtpEaO_10karva_test5utils16find_karva_wheel
FNDA:217,_RNCNvNtCs3Pz4MGtpEaO_10karva_test5utils16find_karva_wheel0B5_
FNDA:0,_RNCNvNtCs3Pz4MGtpEaO_10karva_test5utils16find_karva_wheels0_0B5_
FNDA:217,_RNCNvNtCs3Pz4MGtpEaO_10karva_test5utils16find_karva_wheels1_0B5_
FNDA:0,_RNCNvNtCs3Pz4MGtpEaO_10karva_test5utils16find_karva_wheels_0B5_
FNDA:217,_RNvNtCs3Pz4MGtpEaO_10karva_test5utils14tempdir_filter
FNDA:217,_RNvNtCs3Pz4MGtpEaO_10karva_test5utils16find_karva_wheel
FNF:6
FNH:4
DA:6,217
DA:7,217
DA:8,217
DA:9,217
DA:10,217
DA:11,217
DA:13,217
DA:15,217
DA:16,217
DA:18,217
DA:19,217
DA:20,217
DA:21,217
DA:22,217
DA:23,217
DA:24,217
DA:25,217
DA:27,217
DA:28,217
DA:29,217
DA:30,0
DA:31,0
DA:34,0
DA:35,217
DA:37,217
DA:38,217
DA:39,217
BRF:0
BRH:0
LF:31
LH:26
end_of_record